::1 - - [27/Jan/2024:17:58:58 +0200] "GET / HTTP/1.1" 200 2817
::1 - - [27/Jan/2024:17:58:58 +0200] "GET /favicon.ico HTTP/1.1" 404 297
::1 - - [03/Feb/2024:13:56:57 +0200] "GET / HTTP/1.1" 200 2817
::1 - - [03/Feb/2024:13:56:57 +0200] "GET /favicon.ico HTTP/1.1" 404 297
::1 - - [03/Feb/2024:14:37:25 +0200] "GET / HTTP/1.1" 200 3365
::1 - - [03/Feb/2024:14:37:34 +0200] "GET / HTTP/1.1" 200 3365
::1 - - [03/Feb/2024:14:39:17 +0200] "GET / HTTP/1.1" 200 3365
::1 - - [03/Feb/2024:14:39:19 +0200] "GET / HTTP/1.1" 200 3365
::1 - - [03/Feb/2024:14:41:37 +0200] "GET / HTTP/1.1" 200 3365
::1 - - [03/Feb/2024:14:41:51 +0200] "GET / HTTP/1.1" 200 3365
::1 - - [03/Feb/2024:14:43:18 +0200] "GET / HTTP/1.1" 200 3365
::1 - - [03/Feb/2024:14:43:58 +0200] "GET / HTTP/1.1" 200 4365
::1 - - [03/Feb/2024:14:44:59 +0200] "GET / HTTP/1.1" 200 4374
::1 - - [03/Feb/2024:14:45:01 +0200] "GET /basics.php HTTP/1.1" 200 -
::1 - - [03/Feb/2024:14:45:26 +0200] "GET /basics.php HTTP/1.1" 200 22
::1 - - [03/Feb/2024:14:48:30 +0200] "GET /basics.php HTTP/1.1" 200 283
::1 - - [03/Feb/2024:14:49:02 +0200] "GET /basics.php HTTP/1.1" 200 361
::1 - - [03/Feb/2024:15:02:30 +0200] "GET / HTTP/1.1" 200 4374
::1 - - [03/Feb/2024:15:02:33 +0200] "GET /basics.php HTTP/1.1" 200 800
::1 - - [03/Feb/2024:15:10:23 +0200] "GET /basics.php HTTP/1.1" 200 1300
::1 - - [03/Feb/2024:15:13:32 +0200] "GET /basics.php HTTP/1.1" 200 1496
::1 - - [03/Feb/2024:15:16:47 +0200] "GET /basics.php HTTP/1.1" 200 1726
::1 - - [03/Feb/2024:15:26:09 +0200] "GET /basics.php HTTP/1.1" 200 1945
::1 - - [03/Feb/2024:15:31:25 +0200] "GET /basics.php HTTP/1.1" 200 1998
::1 - - [03/Feb/2024:15:35:13 +0200] "GET /basics.php HTTP/1.1" 200 2100
::1 - - [03/Feb/2024:15:35:23 +0200] "GET /basics.php HTTP/1.1" 200 2095
::1 - - [03/Feb/2024:15:37:13 +0200] "GET /basics.php HTTP/1.1" 200 166
::1 - - [03/Feb/2024:15:37:48 +0200] "GET /basics.php HTTP/1.1" 200 2147
::1 - - [03/Feb/2024:15:52:57 +0200] "GET / HTTP/1.1" 200 4372
::1 - - [03/Feb/2024:15:53:27 +0200] "GET /basics.php HTTP/1.1" 200 2507
::1 - - [03/Feb/2024:16:29:44 +0200] "GET /basics.php HTTP/1.1" 200 18
::1 - - [03/Feb/2024:16:39:17 +0200] "GET /basics.php HTTP/1.1" 200 18
::1 - - [03/Feb/2024:16:39:21 +0200] "GET /basics.php HTTP/1.1" 200 3501
::1 - - [03/Feb/2024:16:43:29 +0200] "GET /basics.php HTTP/1.1" 200 11
::1 - - [03/Feb/2024:16:43:47 +0200] "GET /shougodno HTTP/1.1" 200 10
::1 - - [03/Feb/2024:16:48:55 +0200] "GET /shougodno?x=10 HTTP/1.1" 200 10
::1 - - [03/Feb/2024:16:55:50 +0200] "GET /shougodno?x=10 HTTP/1.1" 200 20
::1 - - [03/Feb/2024:16:55:58 +0200] "GET / HTTP/1.1" 200 4372
::1 - - [03/Feb/2024:17:09:12 +0200] "GET / HTTP/1.1" 200 4382
::1 - - [03/Feb/2024:17:09:16 +0200] "GET /basics.php HTTP/1.1" 200 21
::1 - - [03/Feb/2024:17:09:43 +0200] "GET /basics.php HTTP/1.1" 200 21
::1 - - [03/Feb/2024:17:09:50 +0200] "GET /badges.html HTTP/1.1" 200 22
::1 - - [03/Feb/2024:17:09:54 +0200] "GET /basics.php HTTP/1.1" 200 21
::1 - - [03/Feb/2024:17:10:10 +0200] "GET /_layout.php HTTP/1.1" 200 22
::1 - - [03/Feb/2024:17:11:06 +0200] "GET /_layout.php HTTP/1.1" 200 22
::1 - - [03/Feb/2024:17:11:10 +0200] "GET /_layout. HTTP/1.1" 200 19
::1 - - [03/Feb/2024:17:11:13 +0200] "GET /_layout HTTP/1.1" 200 18
::1 - - [03/Feb/2024:17:11:34 +0200] "GET / HTTP/1.1" 200 4387
::1 - - [03/Feb/2024:17:11:36 +0200] "GET /basics HTTP/1.1" 200 3227
::1 - - [03/Feb/2024:17:11:38 +0200] "GET /layout HTTP/1.1" 200 2869
::1 - - [03/Feb/2024:17:11:39 +0200] "GET /basics HTTP/1.1" 200 3227
::1 - - [03/Feb/2024:17:19:59 +0200] "GET /basics HTTP/1.1" 200 3250
::1 - - [03/Feb/2024:17:20:01 +0200] "GET /basics HTTP/1.1" 200 3250
::1 - - [03/Feb/2024:17:20:33 +0200] "GET / HTTP/1.1" 200 4395
::1 - - [03/Feb/2024:17:20:35 +0200] "GET /layout HTTP/1.1" 200 2891
::1 - - [03/Feb/2024:17:21:35 +0200] "GET /layout HTTP/1.1" 200 2886
::1 - - [03/Feb/2024:17:26:41 +0200] "GET /layout HTTP/1.1" 200 2851
::1 - - [03/Feb/2024:17:26:43 +0200] "GET /basics HTTP/1.1" 200 3209
::1 - - [03/Feb/2024:17:26:44 +0200] "GET /layout HTTP/1.1" 200 2851
::1 - - [03/Feb/2024:17:26:46 +0200] "GET /basics HTTP/1.1" 200 3209
::1 - - [03/Feb/2024:17:41:16 +0200] "GET /phpmyadmin/ HTTP/1.1" 200 3812
::1 - - [03/Feb/2024:17:41:25 +0200] "GET /phpmyadmin/js/vendor/codemirror/lib/codemirror.css?v=5.2.1 HTTP/1.1" 200 8720
::1 - - [03/Feb/2024:17:41:25 +0200] "GET /phpmyadmin/themes/pmahomme/jquery/jquery-ui.css HTTP/1.1" 200 36566
::1 - - [03/Feb/2024:17:41:25 +0200] "GET /phpmyadmin/js/vendor/codemirror/addon/hint/show-hint.css?v=5.2.1 HTTP/1.1" 200 649
::1 - - [03/Feb/2024:17:41:25 +0200] "GET /phpmyadmin/themes/pmahomme/css/theme.css?v=5.2.1 HTTP/1.1" 200 357367
::1 - - [03/Feb/2024:17:41:25 +0200] "GET /phpmyadmin/js/vendor/codemirror/addon/lint/lint.css?v=5.2.1 HTTP/1.1" 200 3035
::1 - - [03/Feb/2024:17:41:25 +0200] "GET /phpmyadmin/js/dist/ajax.js?v=5.2.1 HTTP/1.1" 200 29948
::1 - - [03/Feb/2024:17:41:25 +0200] "GET /phpmyadmin/js/vendor/sprintf.js?v=5.2.1 HTTP/1.1" 200 7409
::1 - - [03/Feb/2024:17:41:25 +0200] "GET /phpmyadmin/js/vendor/jquery/jquery-migrate.min.js?v=5.2.1 HTTP/1.1" 200 13467
::1 - - [03/Feb/2024:17:41:25 +0200] "GET /phpmyadmin/js/dist/name-conflict-fixes.js?v=5.2.1 HTTP/1.1" 200 43
::1 - - [03/Feb/2024:17:41:25 +0200] "GET /phpmyadmin/js/dist/keyhandler.js?v=5.2.1 HTTP/1.1" 200 2059
::1 - - [03/Feb/2024:17:41:25 +0200] "GET /phpmyadmin/js/vendor/jquery/jquery.min.js?v=5.2.1 HTTP/1.1" 200 89947
::1 - - [03/Feb/2024:17:41:25 +0200] "GET /phpmyadmin/js/vendor/js.cookie.js?v=5.2.1 HTTP/1.1" 200 3883
::1 - - [03/Feb/2024:17:41:25 +0200] "GET /phpmyadmin/js/vendor/bootstrap/bootstrap.bundle.min.js?v=5.2.1 HTTP/1.1" 200 80420
::1 - - [03/Feb/2024:17:41:25 +0200] "GET /phpmyadmin/js/vendor/jquery/jquery.debounce-1.0.6.js?v=5.2.1 HTTP/1.1" 200 1608
::1 - - [03/Feb/2024:17:41:25 +0200] "GET /phpmyadmin/js/vendor/jquery/jquery.validate.min.js?v=5.2.1 HTTP/1.1" 200 24601
::1 - - [03/Feb/2024:17:41:25 +0200] "GET /phpmyadmin/js/dist/cross_framing_protection.js?v=5.2.1 HTTP/1.1" 200 405
::1 - - [03/Feb/2024:17:41:25 +0200] "GET /phpmyadmin/js/vendor/jquery/jquery-ui-timepicker-addon.js?v=5.2.1 HTTP/1.1" 200 78475
::1 - - [03/Feb/2024:17:41:25 +0200] "GET /phpmyadmin/js/dist/menu_resizer.js?v=5.2.1 HTTP/1.1" 200 5729
::1 - - [03/Feb/2024:17:41:25 +0200] "GET /phpmyadmin/js/dist/doclinks.js?v=5.2.1 HTTP/1.1" 200 18276
::1 - - [03/Feb/2024:17:41:25 +0200] "GET /phpmyadmin/js/dist/config.js?v=5.2.1 HTTP/1.1" 200 24059
::1 - - [03/Feb/2024:17:41:25 +0200] "GET /phpmyadmin/js/dist/navigation.js?v=5.2.1 HTTP/1.1" 200 51830
::1 - - [03/Feb/2024:17:41:25 +0200] "GET /phpmyadmin/js/vendor/jquery/jquery-ui.min.js?v=5.2.1 HTTP/1.1" 200 255084
::1 - - [03/Feb/2024:17:41:25 +0200] "GET /phpmyadmin/js/dist/common.js?v=5.2.1 HTTP/1.1" 200 4530
::1 - - [03/Feb/2024:17:41:25 +0200] "GET /phpmyadmin/js/dist/functions.js?v=5.2.1 HTTP/1.1" 200 148069
::1 - - [03/Feb/2024:17:41:25 +0200] "GET /phpmyadmin/js/dist/indexes.js?v=5.2.1 HTTP/1.1" 200 26962
::1 - - [03/Feb/2024:17:41:25 +0200] "GET /phpmyadmin/js/dist/page_settings.js?v=5.2.1 HTTP/1.1" 200 1818
::1 - - [03/Feb/2024:17:41:25 +0200] "GET /phpmyadmin/js/vendor/codemirror/addon/runmode/runmode.js?v=5.2.1 HTTP/1.1" 200 2777
::1 - - [03/Feb/2024:17:41:25 +0200] "GET /phpmyadmin/js/vendor/codemirror/mode/sql/sql.js?v=5.2.1 HTTP/1.1" 200 59564
::1 - - [03/Feb/2024:17:41:25 +0200] "GET /phpmyadmin/js/vendor/codemirror/addon/hint/show-hint.js?v=5.2.1 HTTP/1.1" 200 19792
::1 - - [03/Feb/2024:17:41:25 +0200] "GET /phpmyadmin/js/vendor/codemirror/addon/hint/sql-hint.js?v=5.2.1 HTTP/1.1" 200 9560
::1 - - [03/Feb/2024:17:41:25 +0200] "GET /phpmyadmin/js/dist/codemirror/addon/lint/sql-lint.js?v=5.2.1 HTTP/1.1" 200 940
::1 - - [03/Feb/2024:17:41:25 +0200] "GET /phpmyadmin/js/vendor/tracekit.js?v=5.2.1 HTTP/1.1" 200 47128
::1 - - [03/Feb/2024:17:41:25 +0200] "GET /phpmyadmin/js/vendor/codemirror/addon/lint/lint.js?v=5.2.1 HTTP/1.1" 200 9987
::1 - - [03/Feb/2024:17:41:25 +0200] "GET /phpmyadmin/js/vendor/codemirror/lib/codemirror.js?v=5.2.1 HTTP/1.1" 200 401653
::1 - - [03/Feb/2024:17:41:25 +0200] "GET /phpmyadmin/js/dist/error_report.js?v=5.2.1 HTTP/1.1" 200 9264
::1 - - [03/Feb/2024:17:41:25 +0200] "GET /phpmyadmin/js/dist/shortcuts_handler.js?v=5.2.1 HTTP/1.1" 200 3303
::1 - - [03/Feb/2024:17:41:25 +0200] "GET /phpmyadmin/js/dist/drag_drop_import.js?v=5.2.1 HTTP/1.1" 200 12431
::1 - - [03/Feb/2024:17:41:25 +0200] "GET /phpmyadmin/themes/dot.gif HTTP/1.1" 200 43
::1 - - [03/Feb/2024:17:41:25 +0200] "GET /phpmyadmin/js/dist/console.js?v=5.2.1 HTTP/1.1" 200 49548
::1 - - [03/Feb/2024:17:41:25 +0200] "GET /phpmyadmin/js/messages.php?l=ru&v=5.2.1&lang=ru HTTP/1.1" 200 12854
::1 - - [03/Feb/2024:17:41:25 +0200] "GET /phpmyadmin/themes/pmahomme/img/b_help.png HTTP/1.1" 200 705
::1 - - [03/Feb/2024:17:41:25 +0200] "GET /phpmyadmin/themes/pmahomme/img/s_error.png HTTP/1.1" 200 614
::1 - - [03/Feb/2024:17:41:25 +0200] "GET /phpmyadmin/favicon.ico HTTP/1.1" 200 22486
::1 - - [03/Feb/2024:17:42:20 +0200] "GET /phpmyadmin/index.php?route=/&lang=ru HTTP/1.1" 200 3797
::1 - - [03/Feb/2024:17:42:21 +0200] "GET /phpmyadmin/js/messages.php?l=ru&v=5.2.1 HTTP/1.1" 200 12854
::1 - - [03/Feb/2024:17:42:22 +0200] "GET /phpmyadmin/index.php?route=/ HTTP/1.1" 200 3797
::1 - - [03/Feb/2024:17:43:19 +0200] "GET /phpmyadmin/ HTTP/1.1" 200 3797
::1 - - [03/Feb/2024:17:43:23 +0200] "GET /phpmyadmin/url.php?url=https%3A%2F%2Fdev.mysql.com%2Fdoc%2Frefman%2F5.7%2Fen%2Fserver-error-reference.html HTTP/1.1" 200 209
::1 - - [03/Feb/2024:17:49:23 +0200] "GET /phpmyadmin/ HTTP/1.1" 200 3797
::1 - - [03/Feb/2024:17:53:33 +0200] "GET /phpmyadmin/ HTTP/1.1" 200 3797
::1 - - [03/Feb/2024:17:55:24 +0200] "GET /phpmyadmin/ HTTP/1.1" 200 19372
::1 - - [03/Feb/2024:17:55:28 +0200] "GET /phpmyadmin/themes/pmahomme/img/logo_left.png HTTP/1.1" 200 2713
::1 - - [03/Feb/2024:17:55:28 +0200] "GET /phpmyadmin/js/dist/home.js?v=5.2.1 HTTP/1.1" 200 5275
::1 - - [03/Feb/2024:17:55:28 +0200] "GET /phpmyadmin/themes/pmahomme/img/b_docs.png HTTP/1.1" 200 705
::1 - - [03/Feb/2024:17:55:28 +0200] "GET /phpmyadmin/themes/pmahomme/img/b_home.png HTTP/1.1" 200 734
::1 - - [03/Feb/2024:17:55:28 +0200] "GET /phpmyadmin/themes/pmahomme/img/s_loggoff.png HTTP/1.1" 200 626
::1 - - [03/Feb/2024:17:55:28 +0200] "GET /phpmyadmin/themes/pmahomme/img/b_sqlhelp.png HTTP/1.1" 200 512
::1 - - [03/Feb/2024:17:55:28 +0200] "GET /phpmyadmin/themes/pmahomme/img/s_reload.png HTTP/1.1" 200 527
::1 - - [03/Feb/2024:17:55:28 +0200] "GET /phpmyadmin/themes/pmahomme/img/s_cog.png HTTP/1.1" 200 442
::1 - - [03/Feb/2024:17:55:28 +0200] "GET /phpmyadmin/themes/pmahomme/img/s_collapseall.png HTTP/1.1" 200 143
::1 - - [03/Feb/2024:17:55:28 +0200] "GET /phpmyadmin/themes/pmahomme/img/b_newdb.png HTTP/1.1" 200 585
::1 - - [03/Feb/2024:17:55:28 +0200] "GET /phpmyadmin/themes/pmahomme/img/s_link.png HTTP/1.1" 200 280
::1 - - [03/Feb/2024:17:55:28 +0200] "GET /phpmyadmin/themes/pmahomme/img/b_plus.png HTTP/1.1" 200 143
::1 - - [03/Feb/2024:17:55:28 +0200] "GET /phpmyadmin/themes/pmahomme/img/s_db.png HTTP/1.1" 200 328
::1 - - [03/Feb/2024:17:55:28 +0200] "GET /phpmyadmin/themes/pmahomme/img/s_host.png HTTP/1.1" 200 591
::1 - - [03/Feb/2024:17:55:28 +0200] "GET /phpmyadmin/themes/pmahomme/img/b_sql.png HTTP/1.1" 200 680
::1 - - [03/Feb/2024:17:55:28 +0200] "GET /phpmyadmin/themes/pmahomme/img/s_rights.png HTTP/1.1" 200 461
::1 - - [03/Feb/2024:17:55:28 +0200] "GET /phpmyadmin/themes/pmahomme/img/s_status.png HTTP/1.1" 200 600
::1 - - [03/Feb/2024:17:55:28 +0200] "GET /phpmyadmin/themes/pmahomme/img/b_tblops.png HTTP/1.1" 200 537
::1 - - [03/Feb/2024:17:55:28 +0200] "GET /phpmyadmin/themes/pmahomme/img/b_export.png HTTP/1.1" 200 514
::1 - - [03/Feb/2024:17:55:28 +0200] "GET /phpmyadmin/themes/pmahomme/img/b_import.png HTTP/1.1" 200 556
::1 - - [03/Feb/2024:17:55:28 +0200] "GET /phpmyadmin/themes/pmahomme/img/s_asci.png HTTP/1.1" 200 148
::1 - - [03/Feb/2024:17:55:28 +0200] "GET /phpmyadmin/themes/pmahomme/img/s_replication.png HTTP/1.1" 200 399
::1 - - [03/Feb/2024:17:55:28 +0200] "GET /phpmyadmin/themes/pmahomme/img/s_vars.png HTTP/1.1" 200 523
::1 - - [03/Feb/2024:17:55:28 +0200] "GET /phpmyadmin/themes/pmahomme/img/b_plugin.png HTTP/1.1" 200 512
::1 - - [03/Feb/2024:17:55:28 +0200] "GET /phpmyadmin/themes/pmahomme/img/b_engine.png HTTP/1.1" 200 398
::1 - - [03/Feb/2024:17:55:28 +0200] "GET /phpmyadmin/themes/pmahomme/img/s_top.png HTTP/1.1" 200 220
::1 - - [03/Feb/2024:17:55:28 +0200] "GET /phpmyadmin/themes/pmahomme/img/s_lang.png HTTP/1.1" 200 659
::1 - - [03/Feb/2024:17:55:28 +0200] "GET /phpmyadmin/themes/pmahomme/img/console.png HTTP/1.1" 200 292
::1 - - [03/Feb/2024:17:55:28 +0200] "GET /phpmyadmin/themes/pmahomme/img/s_theme.png HTTP/1.1" 200 772
::1 - - [03/Feb/2024:17:55:28 +0200] "GET /phpmyadmin/themes/pmahomme/img/window-new.png HTTP/1.1" 200 468
::1 - - [03/Feb/2024:17:55:28 +0200] "GET /phpmyadmin/themes/pmahomme/img/b_more.png HTTP/1.1" 200 111
::1 - - [03/Feb/2024:17:55:28 +0200] "POST /phpmyadmin/index.php?route=/navigation&ajax_request=1 HTTP/1.1" 200 2516
::1 - - [03/Feb/2024:17:55:28 +0200] "POST /phpmyadmin/index.php?route=/version-check HTTP/1.1" 200 64
::1 - - [03/Feb/2024:17:55:28 +0200] "POST /phpmyadmin/index.php?route=/database/structure/favorite-table&ajax_request=1&favorite_table=1&sync_favorite_tables=1 HTTP/1.1" 200 192
::1 - - [03/Feb/2024:17:55:28 +0200] "POST /phpmyadmin/index.php?route=/config/get HTTP/1.1" 200 1636
::1 - - [03/Feb/2024:17:55:28 +0200] "POST /phpmyadmin/index.php?route=/config/get HTTP/1.1" 200 1729
::1 - - [03/Feb/2024:17:55:29 +0200] "POST /phpmyadmin/index.php?route=/config/set HTTP/1.1" 200 1627
::1 - - [05/Feb/2024:12:46:46 +0200] "GET / HTTP/1.1" 200 4437
::1 - - [05/Feb/2024:12:46:46 +0200] "GET /favicon.ico HTTP/1.1" 200 22
::1 - - [05/Feb/2024:12:46:50 +0200] "GET /regexp HTTP/1.1" 200 1182
::1 - - [05/Feb/2024:12:46:50 +0200] "GET /favicon.ico HTTP/1.1" 200 22
::1 - - [05/Feb/2024:12:46:59 +0200] "GET /layout HTTP/1.1" 200 2933
::1 - - [05/Feb/2024:12:46:59 +0200] "GET /favicon.ico HTTP/1.1" 200 22
::1 - - [05/Feb/2024:12:47:00 +0200] "GET /basics HTTP/1.1" 200 3291
::1 - - [05/Feb/2024:12:47:00 +0200] "GET /favicon.ico HTTP/1.1" 200 22
::1 - - [05/Feb/2024:12:47:07 +0200] "GET /regexp HTTP/1.1" 200 1182
::1 - - [05/Feb/2024:12:47:07 +0200] "GET /favicon.ico HTTP/1.1" 200 22
::1 - - [05/Feb/2024:12:58:38 +0200] "GET / HTTP/1.1" 200 4437
::1 - - [05/Feb/2024:12:58:39 +0200] "GET /favicon.ico HTTP/1.1" 200 22
::1 - - [05/Feb/2024:12:58:44 +0200] "GET /basics HTTP/1.1" 200 3291
::1 - - [05/Feb/2024:12:58:44 +0200] "GET /favicon.ico HTTP/1.1" 200 22
::1 - - [05/Feb/2024:12:58:46 +0200] "GET /layout HTTP/1.1" 200 2933
::1 - - [05/Feb/2024:12:58:46 +0200] "GET /favicon.ico HTTP/1.1" 200 22
::1 - - [05/Feb/2024:12:58:48 +0200] "GET /regexp HTTP/1.1" 200 4886
::1 - - [05/Feb/2024:12:58:48 +0200] "GET /favicon.ico HTTP/1.1" 200 22
::1 - - [05/Feb/2024:19:07:50 +0200] "GET / HTTP/1.1" 200 4437
::1 - - [05/Feb/2024:19:07:50 +0200] "GET /favicon.ico HTTP/1.1" 200 22
::1 - - [05/Feb/2024:19:07:52 +0200] "GET /regexp HTTP/1.1" 200 4886
::1 - - [05/Feb/2024:19:07:52 +0200] "GET /favicon.ico HTTP/1.1" 200 22
::1 - - [10/Feb/2024:13:37:18 +0200] "GET / HTTP/1.1" 200 4437
::1 - - [10/Feb/2024:13:37:19 +0200] "GET /favicon.ico HTTP/1.1" 200 22
::1 - - [10/Feb/2024:13:47:58 +0200] "GET / HTTP/1.1" 200 4547
::1 - - [10/Feb/2024:13:47:58 +0200] "GET /css/site.css HTTP/1.1" 200 23
::1 - - [10/Feb/2024:13:47:58 +0200] "GET /img/php.png HTTP/1.1" 200 22
::1 - - [10/Feb/2024:13:47:58 +0200] "GET /js/site.js HTTP/1.1" 200 21
::1 - - [10/Feb/2024:13:47:58 +0200] "GET /favicon.ico HTTP/1.1" 200 22
::1 - - [10/Feb/2024:13:49:24 +0200] "GET /css/site.css HTTP/1.1" 200 23
::1 - - [10/Feb/2024:13:49:43 +0200] "GET /basics HTTP/1.1" 200 3401
::1 - - [10/Feb/2024:13:49:43 +0200] "GET /css/site.css HTTP/1.1" 200 23
::1 - - [10/Feb/2024:13:49:43 +0200] "GET /img/php.png HTTP/1.1" 200 22
::1 - - [10/Feb/2024:13:49:43 +0200] "GET /js/site.js HTTP/1.1" 200 21
::1 - - [10/Feb/2024:13:49:43 +0200] "GET /favicon.ico HTTP/1.1" 200 22
::1 - - [10/Feb/2024:13:49:48 +0200] "GET / HTTP/1.1" 200 4547
::1 - - [10/Feb/2024:13:49:48 +0200] "GET /css/site.css HTTP/1.1" 200 23
::1 - - [10/Feb/2024:13:49:48 +0200] "GET /img/php.png HTTP/1.1" 200 22
::1 - - [10/Feb/2024:13:49:48 +0200] "GET /js/site.js HTTP/1.1" 200 21
::1 - - [10/Feb/2024:13:49:48 +0200] "GET /favicon.ico HTTP/1.1" 200 22
::1 - - [10/Feb/2024:13:51:23 +0200] "GET / HTTP/1.1" 200 4544
::1 - - [10/Feb/2024:13:51:23 +0200] "GET /css/site.css HTTP/1.1" 200 23
::1 - - [10/Feb/2024:13:51:23 +0200] "GET /img/php.png HTTP/1.1" 200 22
::1 - - [10/Feb/2024:13:51:23 +0200] "GET /js/site.js HTTP/1.1" 200 21
::1 - - [10/Feb/2024:13:51:23 +0200] "GET /favicon.ico HTTP/1.1" 200 22
::1 - - [10/Feb/2024:14:02:09 +0200] "GET / HTTP/1.1" 200 4547
::1 - - [10/Feb/2024:14:02:09 +0200] "GET /css/site.css HTTP/1.1" 200 22
::1 - - [10/Feb/2024:14:02:09 +0200] "GET /img/php.png HTTP/1.1" 200 21
::1 - - [10/Feb/2024:14:02:09 +0200] "GET /js/site.js HTTP/1.1" 200 20
::1 - - [10/Feb/2024:14:02:09 +0200] "GET /favicon.ico HTTP/1.1" 200 21
::1 - - [10/Feb/2024:14:02:20 +0200] "GET / HTTP/1.1" 200 4547
::1 - - [10/Feb/2024:14:02:20 +0200] "GET /css/site.css HTTP/1.1" 200 22
::1 - - [10/Feb/2024:14:02:20 +0200] "GET /img/php.png HTTP/1.1" 200 21
::1 - - [10/Feb/2024:14:02:20 +0200] "GET /js/site.js HTTP/1.1" 200 20
::1 - - [10/Feb/2024:14:02:20 +0200] "GET /favicon.ico HTTP/1.1" 200 21
::1 - - [10/Feb/2024:14:02:36 +0200] "GET / HTTP/1.1" 200 4547
::1 - - [10/Feb/2024:14:02:36 +0200] "GET /img/php.png HTTP/1.1" 200 21
::1 - - [10/Feb/2024:14:02:36 +0200] "GET /css/site.css HTTP/1.1" 200 22
::1 - - [10/Feb/2024:14:02:36 +0200] "GET /js/site.js HTTP/1.1" 200 20
::1 - - [10/Feb/2024:14:02:36 +0200] "GET /favicon.ico HTTP/1.1" 200 21
::1 - - [10/Feb/2024:14:02:37 +0200] "GET / HTTP/1.1" 200 4547
::1 - - [10/Feb/2024:14:02:37 +0200] "GET /js/site.js HTTP/1.1" 200 20
::1 - - [10/Feb/2024:14:02:37 +0200] "GET /img/php.png HTTP/1.1" 200 21
::1 - - [10/Feb/2024:14:02:37 +0200] "GET /css/site.css HTTP/1.1" 200 22
::1 - - [10/Feb/2024:14:02:37 +0200] "GET /favicon.ico HTTP/1.1" 200 21
::1 - - [10/Feb/2024:14:02:48 +0200] "GET / HTTP/1.1" 200 4547
::1 - - [10/Feb/2024:14:02:48 +0200] "GET /img/php.png HTTP/1.1" 200 21
::1 - - [10/Feb/2024:14:02:48 +0200] "GET /css/site.css HTTP/1.1" 200 22
::1 - - [10/Feb/2024:14:02:48 +0200] "GET /js/site.js HTTP/1.1" 200 20
::1 - - [10/Feb/2024:14:02:48 +0200] "GET /favicon.ico HTTP/1.1" 200 21
::1 - - [10/Feb/2024:14:02:59 +0200] "GET /css/site.css HTTP/1.1" 200 22
::1 - - [10/Feb/2024:14:03:25 +0200] "GET / HTTP/1.1" 200 4547
::1 - - [10/Feb/2024:14:03:25 +0200] "GET /css/site.css HTTP/1.1" 200 22
::1 - - [10/Feb/2024:14:03:25 +0200] "GET /img/php.png HTTP/1.1" 200 21
::1 - - [10/Feb/2024:14:03:25 +0200] "GET /js/site.js HTTP/1.1" 200 20
::1 - - [10/Feb/2024:14:03:25 +0200] "GET /favicon.ico HTTP/1.1" 200 21
::1 - - [10/Feb/2024:14:05:13 +0200] "GET / HTTP/1.1" 200 4547
::1 - - [10/Feb/2024:14:05:13 +0200] "GET /css/site.css HTTP/1.1" 200 22
::1 - - [10/Feb/2024:14:05:13 +0200] "GET /img/php.png HTTP/1.1" 200 21
::1 - - [10/Feb/2024:14:05:13 +0200] "GET /js/site.js HTTP/1.1" 200 20
::1 - - [10/Feb/2024:14:05:13 +0200] "GET /favicon.ico HTTP/1.1" 200 21
::1 - - [10/Feb/2024:14:05:40 +0200] "GET / HTTP/1.1" 200 4547
::1 - - [10/Feb/2024:14:05:40 +0200] "GET /css/site.css HTTP/1.1" 200 38
::1 - - [10/Feb/2024:14:05:40 +0200] "GET /js/site.js HTTP/1.1" 200 28
::1 - - [10/Feb/2024:14:05:40 +0200] "GET /img/php.png HTTP/1.1" 200 201607
::1 - - [10/Feb/2024:14:05:40 +0200] "GET /favicon.ico HTTP/1.1" 200 21
::1 - - [10/Feb/2024:14:07:44 +0200] "GET / HTTP/1.1" 200 4547
::1 - - [10/Feb/2024:14:07:44 +0200] "GET /img/php.png HTTP/1.1" 200 201607
::1 - - [10/Feb/2024:14:07:44 +0200] "GET /js/site.js HTTP/1.1" 200 28
::1 - - [10/Feb/2024:14:07:44 +0200] "GET /css/site.css HTTP/1.1" 200 83
::1 - - [10/Feb/2024:14:07:44 +0200] "GET /favicon.ico HTTP/1.1" 200 21
::1 - - [10/Feb/2024:14:07:47 +0200] "GET / HTTP/1.1" 200 4547
::1 - - [10/Feb/2024:14:07:47 +0200] "GET /css/site.css HTTP/1.1" 200 83
::1 - - [10/Feb/2024:14:07:47 +0200] "GET /js/site.js HTTP/1.1" 200 28
::1 - - [10/Feb/2024:14:07:47 +0200] "GET /img/php.png HTTP/1.1" 200 201607
::1 - - [10/Feb/2024:14:07:47 +0200] "GET /favicon.ico HTTP/1.1" 200 21
::1 - - [10/Feb/2024:14:15:00 +0200] "GET / HTTP/1.1" 200 4547
::1 - - [10/Feb/2024:14:15:00 +0200] "GET /css/site.css HTTP/1.1" 200 3
::1 - - [10/Feb/2024:14:15:00 +0200] "GET /img/php.png HTTP/1.1" 200 3
::1 - - [10/Feb/2024:14:15:00 +0200] "GET /js/site.js HTTP/1.1" 200 2
::1 - - [10/Feb/2024:14:15:00 +0200] "GET /favicon.ico HTTP/1.1" 200 3
::1 - - [10/Feb/2024:14:26:02 +0200] "GET / HTTP/1.1" 200 4547
::1 - - [10/Feb/2024:14:26:02 +0200] "GET /css/site.css HTTP/1.1" 200 83
::1 - - [10/Feb/2024:14:26:02 +0200] "GET /img/php.png HTTP/1.1" 200 201607
::1 - - [10/Feb/2024:14:26:02 +0200] "GET /js/site.js HTTP/1.1" 200 28
::1 - - [10/Feb/2024:14:26:02 +0200] "GET /favicon.ico HTTP/1.1" 404 9
::1 - - [10/Feb/2024:14:33:47 +0200] "GET / HTTP/1.1" 200 4544
::1 - - [10/Feb/2024:14:33:47 +0200] "GET /js/site.js HTTP/1.1" 200 28
::1 - - [10/Feb/2024:14:33:47 +0200] "GET /css/site.css HTTP/1.1" 200 83
::1 - - [10/Feb/2024:14:33:47 +0200] "GET /img/php.png HTTP/1.1" 200 201607
::1 - - [10/Feb/2024:14:33:49 +0200] "GET /basics HTTP/1.1" 404 9
::1 - - [10/Feb/2024:14:33:50 +0200] "GET /css/site.css HTTP/1.1" 200 83
::1 - - [10/Feb/2024:14:36:43 +0200] "GET / HTTP/1.1" 200 4547
::1 - - [10/Feb/2024:14:36:43 +0200] "GET /css/site.css HTTP/1.1" 200 83
::1 - - [10/Feb/2024:14:36:43 +0200] "GET /img/php.png HTTP/1.1" 200 201607
::1 - - [10/Feb/2024:14:36:43 +0200] "GET /js/site.js HTTP/1.1" 200 28
::1 - - [10/Feb/2024:14:36:44 +0200] "GET /basics HTTP/1.1" 200 3387
::1 - - [10/Feb/2024:14:36:44 +0200] "GET /js/site.js HTTP/1.1" 200 28
::1 - - [10/Feb/2024:14:36:44 +0200] "GET /css/site.css HTTP/1.1" 200 83
::1 - - [10/Feb/2024:14:36:44 +0200] "GET /img/php.png HTTP/1.1" 200 201607
::1 - - [10/Feb/2024:14:36:46 +0200] "GET /layout HTTP/1.1" 200 3029
::1 - - [10/Feb/2024:14:36:46 +0200] "GET /js/site.js HTTP/1.1" 200 28
::1 - - [10/Feb/2024:14:36:46 +0200] "GET /css/site.css HTTP/1.1" 200 83
::1 - - [10/Feb/2024:14:36:46 +0200] "GET /img/php.png HTTP/1.1" 200 201607
::1 - - [10/Feb/2024:14:36:47 +0200] "GET /regexp HTTP/1.1" 200 4982
::1 - - [10/Feb/2024:14:36:47 +0200] "GET /js/site.js HTTP/1.1" 200 28
::1 - - [10/Feb/2024:14:36:47 +0200] "GET /css/site.css HTTP/1.1" 200 83
::1 - - [10/Feb/2024:14:36:47 +0200] "GET /img/php.png HTTP/1.1" 200 201607
::1 - - [10/Feb/2024:14:37:44 +0200] "GET /regexp HTTP/1.1" 200 4993
::1 - - [10/Feb/2024:14:37:44 +0200] "GET /css/site.css HTTP/1.1" 200 83
::1 - - [10/Feb/2024:14:37:44 +0200] "GET /js/site.js HTTP/1.1" 200 28
::1 - - [10/Feb/2024:14:37:44 +0200] "GET /img/php.png HTTP/1.1" 200 201607
::1 - - [10/Feb/2024:14:37:46 +0200] "GET /basics HTTP/1.1" 200 3398
::1 - - [10/Feb/2024:14:37:46 +0200] "GET /js/site.js HTTP/1.1" 200 28
::1 - - [10/Feb/2024:14:37:46 +0200] "GET /img/php.png HTTP/1.1" 200 201607
::1 - - [10/Feb/2024:14:37:46 +0200] "GET /css/site.css HTTP/1.1" 200 83
::1 - - [10/Feb/2024:14:38:07 +0200] "GET / HTTP/1.1" 200 4547
::1 - - [10/Feb/2024:14:38:07 +0200] "GET /css/site.css HTTP/1.1" 200 83
::1 - - [10/Feb/2024:14:38:07 +0200] "GET /js/site.js HTTP/1.1" 200 28
::1 - - [10/Feb/2024:14:38:07 +0200] "GET /img/php.png HTTP/1.1" 200 201607
::1 - - [10/Feb/2024:14:38:10 +0200] "GET /basics HTTP/1.1" 200 3401
::1 - - [10/Feb/2024:14:38:10 +0200] "GET /js/site.js HTTP/1.1" 200 28
::1 - - [10/Feb/2024:14:38:10 +0200] "GET /img/php.png HTTP/1.1" 200 201607
::1 - - [10/Feb/2024:14:38:10 +0200] "GET /css/site.css HTTP/1.1" 200 83
::1 - - [10/Feb/2024:14:38:11 +0200] "GET /regexp HTTP/1.1" 200 4996
::1 - - [10/Feb/2024:14:38:11 +0200] "GET /js/site.js HTTP/1.1" 200 28
::1 - - [10/Feb/2024:14:38:11 +0200] "GET /css/site.css HTTP/1.1" 200 83
::1 - - [10/Feb/2024:14:38:11 +0200] "GET /img/php.png HTTP/1.1" 200 201607
::1 - - [10/Feb/2024:15:14:40 +0200] "GET / HTTP/1.1" 200 4608
::1 - - [10/Feb/2024:15:14:40 +0200] "GET /css/site.css HTTP/1.1" 200 83
::1 - - [10/Feb/2024:15:14:40 +0200] "GET /img/php.png HTTP/1.1" 200 201607
::1 - - [10/Feb/2024:15:14:40 +0200] "GET /js/site.js HTTP/1.1" 200 28
::1 - - [10/Feb/2024:15:14:42 +0200] "GET /api HTTP/1.1" 200 1335
::1 - - [10/Feb/2024:15:14:42 +0200] "GET /css/site.css HTTP/1.1" 200 83
::1 - - [10/Feb/2024:15:14:42 +0200] "GET /js/site.js HTTP/1.1" 200 28
::1 - - [10/Feb/2024:15:14:42 +0200] "GET /img/php.png HTTP/1.1" 200 201607
::1 - - [10/Feb/2024:15:36:12 +0200] "GET /test HTTP/1.1" 200 25
::1 - - [10/Feb/2024:15:51:59 +0200] "GET / HTTP/1.1" 200 4598
::1 - - [10/Feb/2024:15:51:59 +0200] "GET /css/site.css HTTP/1.1" 200 83
::1 - - [10/Feb/2024:15:51:59 +0200] "GET /js/site.js HTTP/1.1" 200 28
::1 - - [10/Feb/2024:15:51:59 +0200] "GET /img/php.png HTTP/1.1" 200 201607
::1 - - [10/Feb/2024:15:52:03 +0200] "GET /api HTTP/1.1" 200 1705
::1 - - [10/Feb/2024:15:52:03 +0200] "GET /css/site.css HTTP/1.1" 200 83
::1 - - [10/Feb/2024:15:52:03 +0200] "GET /js/site.js HTTP/1.1" 200 28
::1 - - [10/Feb/2024:15:52:03 +0200] "GET /img/php.png HTTP/1.1" 200 201607
::1 - - [10/Feb/2024:15:52:41 +0200] "GET /api HTTP/1.1" 200 1705
::1 - - [10/Feb/2024:15:52:41 +0200] "GET /css/site.css HTTP/1.1" 200 83
::1 - - [10/Feb/2024:15:52:41 +0200] "GET /js/site.js HTTP/1.1" 200 28
::1 - - [10/Feb/2024:15:52:41 +0200] "GET /img/php.png HTTP/1.1" 200 201607
::1 - - [10/Feb/2024:15:53:03 +0200] "GET /api HTTP/1.1" 200 1703
::1 - - [10/Feb/2024:15:53:03 +0200] "GET /img/php.png HTTP/1.1" 200 201607
::1 - - [10/Feb/2024:15:53:03 +0200] "GET /js/site.js HTTP/1.1" 200 28
::1 - - [10/Feb/2024:15:53:03 +0200] "GET /css/site.css HTTP/1.1" 200 83
::1 - - [10/Feb/2024:15:53:09 +0200] "GET /api HTTP/1.1" 200 1696
::1 - - [10/Feb/2024:15:53:09 +0200] "GET /css/site.css HTTP/1.1" 200 83
::1 - - [10/Feb/2024:15:53:09 +0200] "GET /img/php.png HTTP/1.1" 200 201607
::1 - - [10/Feb/2024:15:53:09 +0200] "GET /js/site.js HTTP/1.1" 200 28
::1 - - [10/Feb/2024:15:53:11 +0200] "GET /test HTTP/1.1" 200 25
::1 - - [10/Feb/2024:15:57:38 +0200] "GET /api HTTP/1.1" 200 1988
::1 - - [10/Feb/2024:15:57:38 +0200] "GET /css/site.css HTTP/1.1" 200 83
::1 - - [10/Feb/2024:15:57:38 +0200] "GET /img/php.png HTTP/1.1" 200 201607
::1 - - [10/Feb/2024:15:57:38 +0200] "GET /js/site.js HTTP/1.1" 200 28
::1 - - [10/Feb/2024:15:57:40 +0200] "POST /test HTTP/1.1" 200 25
::1 - - [10/Feb/2024:15:57:44 +0200] "GET /test HTTP/1.1" 200 25
::1 - - [10/Feb/2024:15:57:45 +0200] "POST /test HTTP/1.1" 200 25
::1 - - [10/Feb/2024:15:58:14 +0200] "GET /api HTTP/1.1" 200 1988
::1 - - [10/Feb/2024:15:58:14 +0200] "GET /css/site.css HTTP/1.1" 200 83
::1 - - [10/Feb/2024:15:58:14 +0200] "GET /js/site.js HTTP/1.1" 200 28
::1 - - [10/Feb/2024:15:58:14 +0200] "GET /img/php.png HTTP/1.1" 200 201607
::1 - - [10/Feb/2024:16:11:24 +0200] "GET /api HTTP/1.1" 200 1988
::1 - - [10/Feb/2024:16:11:24 +0200] "GET /css/site.css HTTP/1.1" 200 83
::1 - - [10/Feb/2024:16:11:24 +0200] "GET /js/site.js HTTP/1.1" 200 28
::1 - - [10/Feb/2024:16:11:24 +0200] "GET /img/php.png HTTP/1.1" 200 201607
::1 - - [10/Feb/2024:16:11:25 +0200] "POST /test HTTP/1.1" 200 17
::1 - - [10/Feb/2024:16:11:27 +0200] "GET /test HTTP/1.1" 200 17
::1 - - [10/Feb/2024:16:11:28 +0200] "POST /test HTTP/1.1" 200 17
::1 - - [10/Feb/2024:16:11:55 +0200] "GET /test HTTP/1.1" 200 17
::1 - - [10/Feb/2024:16:11:56 +0200] "POST /test HTTP/1.1" 200 17
::1 - - [10/Feb/2024:16:12:30 +0200] "GET /api HTTP/1.1" 200 1988
::1 - - [10/Feb/2024:16:12:30 +0200] "GET /js/site.js HTTP/1.1" 200 28
::1 - - [10/Feb/2024:16:12:30 +0200] "GET /css/site.css HTTP/1.1" 200 83
::1 - - [10/Feb/2024:16:12:30 +0200] "GET /img/php.png HTTP/1.1" 200 201607
::1 - - [10/Feb/2024:16:12:31 +0200] "POST /test HTTP/1.1" 405 351
::1 - - [10/Feb/2024:16:12:48 +0200] "GET /test HTTP/1.1" 405 351
::1 - - [10/Feb/2024:16:13:36 +0200] "GET /api HTTP/1.1" 200 1988
::1 - - [10/Feb/2024:16:13:36 +0200] "GET /css/site.css HTTP/1.1" 200 83
::1 - - [10/Feb/2024:16:13:36 +0200] "GET /js/site.js HTTP/1.1" 200 28
::1 - - [10/Feb/2024:16:13:36 +0200] "GET /img/php.png HTTP/1.1" 200 201607
::1 - - [10/Feb/2024:16:13:37 +0200] "POST /test HTTP/1.1" 200 18
::1 - - [10/Feb/2024:16:13:39 +0200] "GET /test HTTP/1.1" 200 17
::1 - - [10/Feb/2024:16:13:40 +0200] "POST /test HTTP/1.1" 200 18
::1 - - [10/Feb/2024:16:36:04 +0200] "GET /phpmyadmin/ HTTP/1.1" 200 19376
::1 - - [10/Feb/2024:16:36:14 +0200] "GET /phpmyadmin/themes/pmahomme/jquery/jquery-ui.css HTTP/1.1" 200 36566
::1 - - [10/Feb/2024:16:36:14 +0200] "GET /phpmyadmin/js/vendor/codemirror/addon/hint/show-hint.css?v=5.2.1 HTTP/1.1" 200 649
::1 - - [10/Feb/2024:16:36:14 +0200] "GET /phpmyadmin/js/vendor/codemirror/lib/codemirror.css?v=5.2.1 HTTP/1.1" 200 8720
::1 - - [10/Feb/2024:16:36:14 +0200] "GET /phpmyadmin/themes/pmahomme/css/theme.css?v=5.2.1 HTTP/1.1" 200 357367
::1 - - [10/Feb/2024:16:36:14 +0200] "GET /phpmyadmin/js/vendor/sprintf.js?v=5.2.1 HTTP/1.1" 200 7409
::1 - - [10/Feb/2024:16:36:14 +0200] "GET /phpmyadmin/js/dist/ajax.js?v=5.2.1 HTTP/1.1" 200 29948
::1 - - [10/Feb/2024:16:36:14 +0200] "GET /phpmyadmin/js/vendor/jquery/jquery-migrate.min.js?v=5.2.1 HTTP/1.1" 200 13467
::1 - - [10/Feb/2024:16:36:14 +0200] "GET /phpmyadmin/js/vendor/codemirror/addon/lint/lint.css?v=5.2.1 HTTP/1.1" 200 3035
::1 - - [10/Feb/2024:16:36:14 +0200] "GET /phpmyadmin/js/dist/keyhandler.js?v=5.2.1 HTTP/1.1" 200 2059
::1 - - [10/Feb/2024:16:36:14 +0200] "GET /phpmyadmin/js/dist/name-conflict-fixes.js?v=5.2.1 HTTP/1.1" 200 43
::1 - - [10/Feb/2024:16:36:14 +0200] "GET /phpmyadmin/js/vendor/jquery/jquery.min.js?v=5.2.1 HTTP/1.1" 200 89947
::1 - - [10/Feb/2024:16:36:14 +0200] "GET /phpmyadmin/js/vendor/js.cookie.js?v=5.2.1 HTTP/1.1" 200 3883
::1 - - [10/Feb/2024:16:36:14 +0200] "GET /phpmyadmin/js/vendor/bootstrap/bootstrap.bundle.min.js?v=5.2.1 HTTP/1.1" 200 80420
::1 - - [10/Feb/2024:16:36:14 +0200] "GET /phpmyadmin/js/vendor/jquery/jquery.validate.min.js?v=5.2.1 HTTP/1.1" 200 24601
::1 - - [10/Feb/2024:16:36:14 +0200] "GET /phpmyadmin/js/vendor/jquery/jquery.debounce-1.0.6.js?v=5.2.1 HTTP/1.1" 200 1608
::1 - - [10/Feb/2024:16:36:14 +0200] "GET /phpmyadmin/js/dist/menu_resizer.js?v=5.2.1 HTTP/1.1" 200 5729
::1 - - [10/Feb/2024:16:36:14 +0200] "GET /phpmyadmin/js/dist/cross_framing_protection.js?v=5.2.1 HTTP/1.1" 200 405
::1 - - [10/Feb/2024:16:36:14 +0200] "GET /phpmyadmin/js/vendor/jquery/jquery-ui-timepicker-addon.js?v=5.2.1 HTTP/1.1" 200 78475
::1 - - [10/Feb/2024:16:36:14 +0200] "GET /phpmyadmin/js/dist/config.js?v=5.2.1 HTTP/1.1" 200 24059
::1 - - [10/Feb/2024:16:36:14 +0200] "GET /phpmyadmin/js/dist/doclinks.js?v=5.2.1 HTTP/1.1" 200 18276
::1 - - [10/Feb/2024:16:36:14 +0200] "GET /phpmyadmin/js/dist/navigation.js?v=5.2.1 HTTP/1.1" 200 51830
::1 - - [10/Feb/2024:16:36:14 +0200] "GET /phpmyadmin/js/vendor/jquery/jquery-ui.min.js?v=5.2.1 HTTP/1.1" 200 255084
::1 - - [10/Feb/2024:16:36:14 +0200] "GET /phpmyadmin/js/dist/functions.js?v=5.2.1 HTTP/1.1" 200 148069
::1 - - [10/Feb/2024:16:36:14 +0200] "GET /phpmyadmin/js/dist/common.js?v=5.2.1 HTTP/1.1" 200 4530
::1 - - [10/Feb/2024:16:36:14 +0200] "GET /phpmyadmin/js/dist/indexes.js?v=5.2.1 HTTP/1.1" 200 26962
::1 - - [10/Feb/2024:16:36:14 +0200] "GET /phpmyadmin/js/dist/page_settings.js?v=5.2.1 HTTP/1.1" 200 1818
::1 - - [10/Feb/2024:16:36:14 +0200] "GET /phpmyadmin/js/dist/home.js?v=5.2.1 HTTP/1.1" 200 5275
::1 - - [10/Feb/2024:16:36:14 +0200] "GET /phpmyadmin/js/vendor/codemirror/addon/runmode/runmode.js?v=5.2.1 HTTP/1.1" 200 2777
::1 - - [10/Feb/2024:16:36:14 +0200] "GET /phpmyadmin/js/vendor/codemirror/mode/sql/sql.js?v=5.2.1 HTTP/1.1" 200 59564
::1 - - [10/Feb/2024:16:36:14 +0200] "GET /phpmyadmin/js/vendor/codemirror/addon/hint/show-hint.js?v=5.2.1 HTTP/1.1" 200 19792
::1 - - [10/Feb/2024:16:36:14 +0200] "GET /phpmyadmin/js/dist/codemirror/addon/lint/sql-lint.js?v=5.2.1 HTTP/1.1" 200 940
::1 - - [10/Feb/2024:16:36:14 +0200] "GET /phpmyadmin/js/vendor/codemirror/addon/hint/sql-hint.js?v=5.2.1 HTTP/1.1" 200 9560
::1 - - [10/Feb/2024:16:36:14 +0200] "GET /phpmyadmin/js/vendor/codemirror/addon/lint/lint.js?v=5.2.1 HTTP/1.1" 200 9987
::1 - - [10/Feb/2024:16:36:14 +0200] "GET /phpmyadmin/js/vendor/tracekit.js?v=5.2.1 HTTP/1.1" 200 47128
::1 - - [10/Feb/2024:16:36:15 +0200] "GET /phpmyadmin/js/dist/drag_drop_import.js?v=5.2.1 HTTP/1.1" 200 12431
::1 - - [10/Feb/2024:16:36:15 +0200] "GET /phpmyadmin/js/dist/shortcuts_handler.js?v=5.2.1 HTTP/1.1" 200 3303
::1 - - [10/Feb/2024:16:36:14 +0200] "GET /phpmyadmin/js/dist/error_report.js?v=5.2.1 HTTP/1.1" 200 9264
::1 - - [10/Feb/2024:16:36:15 +0200] "GET /phpmyadmin/themes/dot.gif HTTP/1.1" 200 43
::1 - - [10/Feb/2024:16:36:15 +0200] "GET /phpmyadmin/themes/pmahomme/img/logo_left.png HTTP/1.1" 200 2713
::1 - - [10/Feb/2024:16:36:14 +0200] "GET /phpmyadmin/js/vendor/codemirror/lib/codemirror.js?v=5.2.1 HTTP/1.1" 200 401653
::1 - - [10/Feb/2024:16:36:15 +0200] "GET /phpmyadmin/js/dist/console.js?v=5.2.1 HTTP/1.1" 200 49548
::1 - - [10/Feb/2024:16:36:14 +0200] "GET /phpmyadmin/js/messages.php?l=ru&v=5.2.1 HTTP/1.1" 200 12854
::1 - - [10/Feb/2024:16:36:15 +0200] "GET /phpmyadmin/themes/pmahomme/img/b_home.png HTTP/1.1" 200 734
::1 - - [10/Feb/2024:16:36:15 +0200] "GET /phpmyadmin/themes/pmahomme/img/b_sqlhelp.png HTTP/1.1" 200 512
::1 - - [10/Feb/2024:16:36:15 +0200] "GET /phpmyadmin/themes/pmahomme/img/s_cog.png HTTP/1.1" 200 442
::1 - - [10/Feb/2024:16:36:15 +0200] "GET /phpmyadmin/themes/pmahomme/img/s_reload.png HTTP/1.1" 200 527
::1 - - [10/Feb/2024:16:36:15 +0200] "GET /phpmyadmin/themes/pmahomme/img/s_loggoff.png HTTP/1.1" 200 626
::1 - - [10/Feb/2024:16:36:15 +0200] "GET /phpmyadmin/themes/pmahomme/img/s_collapseall.png HTTP/1.1" 200 143
::1 - - [10/Feb/2024:16:36:15 +0200] "GET /phpmyadmin/themes/pmahomme/img/s_link.png HTTP/1.1" 200 280
::1 - - [10/Feb/2024:16:36:15 +0200] "GET /phpmyadmin/themes/pmahomme/img/b_newdb.png HTTP/1.1" 200 585
::1 - - [10/Feb/2024:16:36:15 +0200] "GET /phpmyadmin/themes/pmahomme/img/s_db.png HTTP/1.1" 200 328
::1 - - [10/Feb/2024:16:36:15 +0200] "GET /phpmyadmin/themes/pmahomme/img/b_plus.png HTTP/1.1" 200 143
::1 - - [10/Feb/2024:16:36:15 +0200] "GET /phpmyadmin/themes/pmahomme/img/s_host.png HTTP/1.1" 200 591
::1 - - [10/Feb/2024:16:36:15 +0200] "GET /phpmyadmin/themes/pmahomme/img/b_docs.png HTTP/1.1" 200 705
::1 - - [10/Feb/2024:16:36:15 +0200] "GET /phpmyadmin/themes/pmahomme/img/b_sql.png HTTP/1.1" 200 680
::1 - - [10/Feb/2024:16:36:15 +0200] "GET /phpmyadmin/themes/pmahomme/img/s_status.png HTTP/1.1" 200 600
::1 - - [10/Feb/2024:16:36:15 +0200] "GET /phpmyadmin/themes/pmahomme/img/b_export.png HTTP/1.1" 200 514
::1 - - [10/Feb/2024:16:36:15 +0200] "GET /phpmyadmin/themes/pmahomme/img/s_rights.png HTTP/1.1" 200 461
::1 - - [10/Feb/2024:16:36:15 +0200] "GET /phpmyadmin/themes/pmahomme/img/b_import.png HTTP/1.1" 200 556
::1 - - [10/Feb/2024:16:36:15 +0200] "GET /phpmyadmin/themes/pmahomme/img/b_tblops.png HTTP/1.1" 200 537
::1 - - [10/Feb/2024:16:36:15 +0200] "GET /phpmyadmin/themes/pmahomme/img/s_replication.png HTTP/1.1" 200 399
::1 - - [10/Feb/2024:16:36:15 +0200] "GET /phpmyadmin/themes/pmahomme/img/s_vars.png HTTP/1.1" 200 523
::1 - - [10/Feb/2024:16:36:15 +0200] "GET /phpmyadmin/themes/pmahomme/img/s_asci.png HTTP/1.1" 200 148
::1 - - [10/Feb/2024:16:36:15 +0200] "GET /phpmyadmin/themes/pmahomme/img/b_engine.png HTTP/1.1" 200 398
::1 - - [10/Feb/2024:16:36:15 +0200] "GET /phpmyadmin/themes/pmahomme/img/b_plugin.png HTTP/1.1" 200 512
::1 - - [10/Feb/2024:16:36:15 +0200] "GET /phpmyadmin/themes/pmahomme/img/s_top.png HTTP/1.1" 200 220
::1 - - [10/Feb/2024:16:36:15 +0200] "GET /phpmyadmin/themes/pmahomme/img/console.png HTTP/1.1" 200 292
::1 - - [10/Feb/2024:16:36:15 +0200] "GET /phpmyadmin/themes/pmahomme/img/b_help.png HTTP/1.1" 200 705
::1 - - [10/Feb/2024:16:36:15 +0200] "GET /phpmyadmin/themes/pmahomme/img/window-new.png HTTP/1.1" 200 468
::1 - - [10/Feb/2024:16:36:15 +0200] "GET /phpmyadmin/themes/pmahomme/img/s_lang.png HTTP/1.1" 200 659
::1 - - [10/Feb/2024:16:36:15 +0200] "GET /phpmyadmin/themes/pmahomme/img/s_theme.png HTTP/1.1" 200 772
::1 - - [10/Feb/2024:16:36:15 +0200] "GET /phpmyadmin/themes/pmahomme/img/b_more.png HTTP/1.1" 200 111
::1 - - [10/Feb/2024:16:36:15 +0200] "POST /phpmyadmin/index.php?route=/config/get HTTP/1.1" 200 1636
::1 - - [10/Feb/2024:16:36:15 +0200] "POST /phpmyadmin/index.php?route=/database/structure/favorite-table&ajax_request=1&favorite_table=1&sync_favorite_tables=1 HTTP/1.1" 200 192
::1 - - [10/Feb/2024:16:36:15 +0200] "POST /phpmyadmin/index.php?route=/config/get HTTP/1.1" 200 1729
::1 - - [10/Feb/2024:16:36:15 +0200] "POST /phpmyadmin/index.php?route=/navigation&ajax_request=1 HTTP/1.1" 200 2516
::1 - - [10/Feb/2024:16:36:15 +0200] "POST /phpmyadmin/index.php?route=/version-check HTTP/1.1" 200 64
::1 - - [10/Feb/2024:16:36:15 +0200] "POST /phpmyadmin/index.php?route=/config/set HTTP/1.1" 200 1627
::1 - - [10/Feb/2024:16:36:52 +0200] "GET /phpmyadmin/themes/pmahomme/img/ajax_clock_small.gif HTTP/1.1" 200 1810
::1 - - [10/Feb/2024:16:36:52 +0200] "GET /phpmyadmin/index.php?route=/server/sql&ajax_request=true&ajax_page_request=true&_nocache=1707575812553604543&token=467c717a3850433a69455e7045477976 HTTP/1.1" 200 6204
::1 - - [10/Feb/2024:16:36:53 +0200] "GET /phpmyadmin/js/vendor/jquery/jquery.uitablefilter.js?v=5.2.1 HTTP/1.1" 200 3139
::1 - - [10/Feb/2024:16:36:53 +0200] "GET /phpmyadmin/js/dist/sql.js?v=5.2.1 HTTP/1.1" 200 35541
::1 - - [10/Feb/2024:16:36:53 +0200] "GET /phpmyadmin/js/dist/makegrid.js?v=5.2.1 HTTP/1.1" 200 81012
::1 - - [10/Feb/2024:16:36:53 +0200] "POST /phpmyadmin/index.php?route=/navigation&ajax_request=1 HTTP/1.1" 200 2516
::1 - - [10/Feb/2024:16:37:18 +0200] "GET /phpmyadmin/themes/pmahomme/img/s_lock.png HTTP/1.1" 200 667
::1 - - [10/Feb/2024:16:37:18 +0200] "POST /phpmyadmin/index.php?route=/database/sql/autocomplete HTTP/1.1" 200 1634
::1 - - [10/Feb/2024:16:37:20 +0200] "POST /phpmyadmin/index.php?route=/lint HTTP/1.1" 200 161
::1 - - [10/Feb/2024:16:37:22 +0200] "POST /phpmyadmin/index.php?route=/lint HTTP/1.1" 200 28
::1 - - [10/Feb/2024:16:37:23 +0200] "POST /phpmyadmin/index.php?route=/lint HTTP/1.1" 200 161
::1 - - [10/Feb/2024:16:37:28 +0200] "POST /phpmyadmin/index.php?route=/lint HTTP/1.1" 200 161
::1 - - [10/Feb/2024:16:37:29 +0200] "POST /phpmyadmin/index.php?route=/lint HTTP/1.1" 200 28
::1 - - [10/Feb/2024:16:37:30 +0200] "POST /phpmyadmin/index.php?route=/lint HTTP/1.1" 200 28
::1 - - [10/Feb/2024:16:37:31 +0200] "POST /phpmyadmin/index.php?route=/lint HTTP/1.1" 200 28
::1 - - [10/Feb/2024:16:37:32 +0200] "POST /phpmyadmin/index.php?route=/lint HTTP/1.1" 200 28
::1 - - [10/Feb/2024:16:37:33 +0200] "POST /phpmyadmin/index.php?route=/lint HTTP/1.1" 200 28
::1 - - [10/Feb/2024:16:37:35 +0200] "POST /phpmyadmin/index.php?route=/lint HTTP/1.1" 200 28
::1 - - [10/Feb/2024:16:37:35 +0200] "POST /phpmyadmin/index.php?route=/lint HTTP/1.1" 200 28
::1 - - [10/Feb/2024:16:37:59 +0200] "POST /phpmyadmin/index.php?route=/lint HTTP/1.1" 200 28
::1 - - [10/Feb/2024:16:38:01 +0200] "POST /phpmyadmin/index.php?route=/lint HTTP/1.1" 200 246
::1 - - [10/Feb/2024:16:38:02 +0200] "POST /phpmyadmin/index.php?route=/lint HTTP/1.1" 200 180
::1 - - [10/Feb/2024:16:38:03 +0200] "POST /phpmyadmin/index.php?route=/lint HTTP/1.1" 200 180
::1 - - [10/Feb/2024:16:38:05 +0200] "POST /phpmyadmin/index.php?route=/lint HTTP/1.1" 200 180
::1 - - [10/Feb/2024:16:38:09 +0200] "POST /phpmyadmin/index.php?route=/lint HTTP/1.1" 200 28
::1 - - [10/Feb/2024:16:38:31 +0200] "POST /phpmyadmin/index.php?route=/lint HTTP/1.1" 200 28
::1 - - [10/Feb/2024:16:38:32 +0200] "POST /phpmyadmin/index.php?route=/lint HTTP/1.1" 200 28
::1 - - [10/Feb/2024:16:39:14 +0200] "POST /phpmyadmin/index.php?route=/import HTTP/1.1" 200 2096
::1 - - [10/Feb/2024:16:39:15 +0200] "GET /phpmyadmin/themes/pmahomme/img/s_notice.png HTTP/1.1" 200 567
::1 - - [10/Feb/2024:16:39:15 +0200] "GET /phpmyadmin/themes/pmahomme/img/s_success.png HTTP/1.1" 200 465
::1 - - [10/Feb/2024:16:39:15 +0200] "POST /phpmyadmin/index.php?route=/navigation&ajax_request=1 HTTP/1.1" 200 2566
::1 - - [10/Feb/2024:16:39:47 +0200] "POST /phpmyadmin/index.php?route=/lint HTTP/1.1" 200 161
::1 - - [10/Feb/2024:16:39:49 +0200] "POST /phpmyadmin/index.php?route=/lint HTTP/1.1" 200 28
::1 - - [10/Feb/2024:16:39:53 +0200] "POST /phpmyadmin/index.php?route=/lint HTTP/1.1" 200 184
::1 - - [10/Feb/2024:16:39:54 +0200] "POST /phpmyadmin/index.php?route=/lint HTTP/1.1" 200 184
::1 - - [10/Feb/2024:16:39:55 +0200] "POST /phpmyadmin/index.php?route=/lint HTTP/1.1" 200 185
::1 - - [10/Feb/2024:16:39:57 +0200] "POST /phpmyadmin/index.php?route=/lint HTTP/1.1" 200 185
::1 - - [10/Feb/2024:16:39:58 +0200] "POST /phpmyadmin/index.php?route=/lint HTTP/1.1" 200 184
::1 - - [10/Feb/2024:16:39:58 +0200] "POST /phpmyadmin/index.php?route=/lint HTTP/1.1" 200 185
::1 - - [10/Feb/2024:16:40:00 +0200] "POST /phpmyadmin/index.php?route=/lint HTTP/1.1" 200 185
::1 - - [10/Feb/2024:16:40:02 +0200] "POST /phpmyadmin/index.php?route=/lint HTTP/1.1" 200 28
::1 - - [10/Feb/2024:16:40:05 +0200] "POST /phpmyadmin/index.php?route=/lint HTTP/1.1" 200 172
::1 - - [10/Feb/2024:16:40:07 +0200] "POST /phpmyadmin/index.php?route=/lint HTTP/1.1" 200 184
::1 - - [10/Feb/2024:16:40:08 +0200] "POST /phpmyadmin/index.php?route=/lint HTTP/1.1" 200 183
::1 - - [10/Feb/2024:16:40:09 +0200] "POST /phpmyadmin/index.php?route=/lint HTTP/1.1" 200 184
::1 - - [10/Feb/2024:16:40:15 +0200] "POST /phpmyadmin/index.php?route=/lint HTTP/1.1" 200 184
::1 - - [10/Feb/2024:16:40:16 +0200] "POST /phpmyadmin/index.php?route=/lint HTTP/1.1" 200 184
::1 - - [10/Feb/2024:16:40:17 +0200] "POST /phpmyadmin/index.php?route=/lint HTTP/1.1" 200 184
::1 - - [10/Feb/2024:16:40:21 +0200] "POST /phpmyadmin/index.php?route=/lint HTTP/1.1" 200 184
::1 - - [10/Feb/2024:16:40:22 +0200] "POST /phpmyadmin/index.php?route=/lint HTTP/1.1" 200 184
::1 - - [10/Feb/2024:16:40:23 +0200] "POST /phpmyadmin/index.php?route=/lint HTTP/1.1" 200 184
::1 - - [10/Feb/2024:16:40:24 +0200] "POST /phpmyadmin/index.php?route=/lint HTTP/1.1" 200 184
::1 - - [10/Feb/2024:16:40:25 +0200] "POST /phpmyadmin/index.php?route=/lint HTTP/1.1" 200 184
::1 - - [10/Feb/2024:16:40:26 +0200] "POST /phpmyadmin/index.php?route=/lint HTTP/1.1" 200 184
::1 - - [10/Feb/2024:16:40:28 +0200] "POST /phpmyadmin/index.php?route=/lint HTTP/1.1" 200 184
::1 - - [10/Feb/2024:16:40:31 +0200] "POST /phpmyadmin/index.php?route=/lint HTTP/1.1" 200 184
::1 - - [10/Feb/2024:16:40:43 +0200] "POST /phpmyadmin/index.php?route=/lint HTTP/1.1" 200 28
::1 - - [10/Feb/2024:16:40:52 +0200] "POST /phpmyadmin/index.php?route=/import HTTP/1.1" 200 2175
::1 - - [10/Feb/2024:16:43:00 +0200] "POST /phpmyadmin/index.php?route=/lint HTTP/1.1" 200 284
::1 - - [10/Feb/2024:16:43:01 +0200] "POST /phpmyadmin/index.php?route=/lint HTTP/1.1" 200 265
::1 - - [10/Feb/2024:16:43:03 +0200] "POST /phpmyadmin/index.php?route=/lint HTTP/1.1" 200 275
::1 - - [10/Feb/2024:16:43:05 +0200] "POST /phpmyadmin/index.php?route=/lint HTTP/1.1" 200 265
::1 - - [10/Feb/2024:16:43:06 +0200] "POST /phpmyadmin/index.php?route=/lint HTTP/1.1" 200 28
::1 - - [10/Feb/2024:16:43:08 +0200] "POST /phpmyadmin/index.php?route=/lint HTTP/1.1" 200 28
::1 - - [10/Feb/2024:16:43:08 +0200] "POST /phpmyadmin/index.php?route=/lint HTTP/1.1" 200 28
::1 - - [10/Feb/2024:16:43:10 +0200] "POST /phpmyadmin/index.php?route=/lint HTTP/1.1" 200 28
::1 - - [10/Feb/2024:16:43:11 +0200] "POST /phpmyadmin/index.php?route=/lint HTTP/1.1" 200 28
::1 - - [10/Feb/2024:16:43:11 +0200] "POST /phpmyadmin/index.php?route=/lint HTTP/1.1" 200 28
::1 - - [10/Feb/2024:16:43:13 +0200] "POST /phpmyadmin/index.php?route=/lint HTTP/1.1" 200 28
::1 - - [10/Feb/2024:16:43:16 +0200] "POST /phpmyadmin/index.php?route=/lint HTTP/1.1" 200 28
::1 - - [10/Feb/2024:16:43:17 +0200] "POST /phpmyadmin/index.php?route=/lint HTTP/1.1" 200 28
::1 - - [10/Feb/2024:16:43:17 +0200] "POST /phpmyadmin/index.php?route=/lint HTTP/1.1" 200 28
::1 - - [10/Feb/2024:16:43:20 +0200] "POST /phpmyadmin/index.php?route=/lint HTTP/1.1" 200 28
::1 - - [10/Feb/2024:16:43:22 +0200] "POST /phpmyadmin/index.php?route=/lint HTTP/1.1" 200 28
::1 - - [10/Feb/2024:16:43:24 +0200] "POST /phpmyadmin/index.php?route=/lint HTTP/1.1" 200 28
::1 - - [10/Feb/2024:16:43:25 +0200] "POST /phpmyadmin/index.php?route=/lint HTTP/1.1" 200 28
::1 - - [10/Feb/2024:16:43:28 +0200] "POST /phpmyadmin/index.php?route=/lint HTTP/1.1" 200 28
::1 - - [10/Feb/2024:16:43:29 +0200] "POST /phpmyadmin/index.php?route=/lint HTTP/1.1" 200 28
::1 - - [10/Feb/2024:16:43:34 +0200] "POST /phpmyadmin/index.php?route=/lint HTTP/1.1" 200 28
::1 - - [10/Feb/2024:16:43:48 +0200] "POST /phpmyadmin/index.php?route=/import HTTP/1.1" 200 653
::1 - - [10/Feb/2024:16:44:16 +0200] "POST /phpmyadmin/index.php?route=/lint HTTP/1.1" 200 28
::1 - - [10/Feb/2024:16:44:21 +0200] "POST /phpmyadmin/index.php?route=/import HTTP/1.1" 200 2175
::1 - - [10/Feb/2024:16:45:20 +0200] "POST /phpmyadmin/index.php?route=/lint HTTP/1.1" 200 28
::1 - - [10/Feb/2024:16:45:25 +0200] "POST /phpmyadmin/index.php?route=/lint HTTP/1.1" 200 28
::1 - - [10/Feb/2024:16:45:38 +0200] "POST /phpmyadmin/index.php?route=/import HTTP/1.1" 200 2083
::1 - - [10/Feb/2024:17:00:20 +0200] "GET /api HTTP/1.1" 200 3033
::1 - - [10/Feb/2024:17:00:20 +0200] "GET /css/site.css HTTP/1.1" 200 83
::1 - - [10/Feb/2024:17:00:20 +0200] "GET /img/php.png HTTP/1.1" 200 201607
::1 - - [10/Feb/2024:17:00:20 +0200] "GET /js/site.js HTTP/1.1" 200 28
::1 - - [10/Feb/2024:17:00:22 +0200] "GET /test HTTP/1.1" 200 112
::1 - - [10/Feb/2024:17:00:46 +0200] "POST /test HTTP/1.1" 200 18
::1 - - [10/Feb/2024:17:00:47 +0200] "GET /test HTTP/1.1" 200 112
::1 - - [10/Feb/2024:17:00:49 +0200] "POST /phpmyadmin/index.php?route=/ HTTP/1.1" 200 1624
::1 - - [10/Feb/2024:17:03:22 +0200] "GET /api HTTP/1.1" 200 3033
::1 - - [10/Feb/2024:17:03:22 +0200] "GET /css/site.css HTTP/1.1" 200 83
::1 - - [10/Feb/2024:17:03:22 +0200] "GET /img/php.png HTTP/1.1" 200 201607
::1 - - [10/Feb/2024:17:03:22 +0200] "GET /js/site.js HTTP/1.1" 200 28
::1 - - [10/Feb/2024:17:03:23 +0200] "GET /test HTTP/1.1" 200 112
::1 - - [10/Feb/2024:17:04:23 +0200] "GET /api HTTP/1.1" 200 3032
::1 - - [10/Feb/2024:17:04:23 +0200] "GET /css/site.css HTTP/1.1" 200 83
::1 - - [10/Feb/2024:17:04:23 +0200] "GET /js/site.js HTTP/1.1" 200 28
::1 - - [10/Feb/2024:17:04:23 +0200] "GET /img/php.png HTTP/1.1" 200 201607
::1 - - [10/Feb/2024:17:04:24 +0200] "GET /test HTTP/1.1" 200 112
::1 - - [10/Feb/2024:17:05:43 +0200] "GET /test HTTP/1.1" 200 112
::1 - - [10/Feb/2024:17:07:49 +0200] "POST /phpmyadmin/index.php?route=/navigation&ajax_request=1 HTTP/1.1" 200 2693
::1 - - [10/Feb/2024:17:07:49 +0200] "GET /phpmyadmin/themes/pmahomme/img/b_views.png HTTP/1.1" 200 603
::1 - - [10/Feb/2024:17:07:49 +0200] "GET /phpmyadmin/themes/pmahomme/img/b_browse.png HTTP/1.1" 200 486
::1 - - [10/Feb/2024:17:07:49 +0200] "GET /phpmyadmin/themes/pmahomme/img/b_minus.png HTTP/1.1" 200 123
::1 - - [10/Feb/2024:17:07:49 +0200] "GET /phpmyadmin/themes/pmahomme/img/hide.png HTTP/1.1" 200 284
::1 - - [10/Feb/2024:17:07:53 +0200] "GET /phpmyadmin/index.php?route=/database/structure&tbl_type=table&db=mysql&ajax_request=true&ajax_page_request=true&_nocache=1707577673153845240&token=467c717a3850433a69455e7045477976 HTTP/1.1" 200 13015
::1 - - [10/Feb/2024:17:07:54 +0200] "GET /phpmyadmin/themes/pmahomme/img/b_search.png HTTP/1.1" 200 538
::1 - - [10/Feb/2024:17:07:54 +0200] "GET /phpmyadmin/themes/pmahomme/img/b_triggers.png HTTP/1.1" 200 446
::1 - - [10/Feb/2024:17:07:54 +0200] "GET /phpmyadmin/themes/pmahomme/img/b_events.png HTTP/1.1" 200 703
::1 - - [10/Feb/2024:17:07:54 +0200] "GET /phpmyadmin/themes/pmahomme/img/b_routines.png HTTP/1.1" 200 306
::1 - - [10/Feb/2024:17:07:54 +0200] "GET /phpmyadmin/themes/pmahomme/img/b_props.png HTTP/1.1" 200 573
::1 - - [10/Feb/2024:17:07:54 +0200] "GET /phpmyadmin/themes/pmahomme/img/eye.png HTTP/1.1" 200 663
::1 - - [10/Feb/2024:17:07:54 +0200] "GET /phpmyadmin/themes/pmahomme/img/centralColumns.png HTTP/1.1" 200 586
::1 - - [10/Feb/2024:17:07:54 +0200] "GET /phpmyadmin/themes/pmahomme/img/b_relations.png HTTP/1.1" 200 140
::1 - - [10/Feb/2024:17:07:54 +0200] "GET /phpmyadmin/themes/pmahomme/img/arrow_ltr.png HTTP/1.1" 200 101
::1 - - [10/Feb/2024:17:07:54 +0200] "GET /phpmyadmin/themes/pmahomme/img/s_asc.png HTTP/1.1" 200 146
::1 - - [10/Feb/2024:17:07:54 +0200] "GET /phpmyadmin/themes/pmahomme/img/b_no_favorite.png HTTP/1.1" 200 377
::1 - - [10/Feb/2024:17:07:54 +0200] "GET /phpmyadmin/js/dist/database/structure.js?v=5.2.1 HTTP/1.1" 200 14685
::1 - - [10/Feb/2024:17:07:54 +0200] "GET /phpmyadmin/js/dist/table/change.js?v=5.2.1 HTTP/1.1" 200 29082
::1 - - [10/Feb/2024:17:07:54 +0200] "GET /phpmyadmin/themes/pmahomme/img/bd_browse.png HTTP/1.1" 200 271
::1 - - [10/Feb/2024:17:07:54 +0200] "GET /phpmyadmin/themes/pmahomme/img/bd_select.png HTTP/1.1" 200 325
::1 - - [10/Feb/2024:17:07:54 +0200] "GET /phpmyadmin/themes/pmahomme/img/b_insrow.png HTTP/1.1" 200 157
::1 - - [10/Feb/2024:17:07:54 +0200] "GET /phpmyadmin/themes/pmahomme/img/bd_empty.png HTTP/1.1" 200 327
::1 - - [10/Feb/2024:17:07:54 +0200] "GET /phpmyadmin/themes/pmahomme/img/b_drop.png HTTP/1.1" 200 637
::1 - - [10/Feb/2024:17:07:54 +0200] "GET /phpmyadmin/themes/pmahomme/img/b_select.png HTTP/1.1" 200 593
::1 - - [10/Feb/2024:17:07:54 +0200] "GET /phpmyadmin/themes/pmahomme/img/b_empty.png HTTP/1.1" 200 521
::1 - - [10/Feb/2024:17:07:54 +0200] "GET /phpmyadmin/themes/pmahomme/img/b_print.png HTTP/1.1" 200 639
::1 - - [10/Feb/2024:17:07:54 +0200] "GET /phpmyadmin/themes/pmahomme/img/b_tblanalyse.png HTTP/1.1" 200 152
::1 - - [10/Feb/2024:17:07:54 +0200] "GET /phpmyadmin/themes/pmahomme/img/b_table_add.png HTTP/1.1" 200 571
::1 - - [10/Feb/2024:17:07:54 +0200] "POST /phpmyadmin/index.php?route=/navigation&ajax_request=1 HTTP/1.1" 200 3433
::1 - - [10/Feb/2024:17:07:54 +0200] "POST /phpmyadmin/index.php?route=/navigation&ajax_request=1 HTTP/1.1" 200 3951
::1 - - [10/Feb/2024:17:07:55 +0200] "POST /phpmyadmin/index.php?route=/navigation&ajax_request=1 HTTP/1.1" 200 3951
::1 - - [10/Feb/2024:17:07:56 +0200] "GET /phpmyadmin/themes/pmahomme/img/s_desc.png HTTP/1.1" 200 146
::1 - - [10/Feb/2024:17:08:04 +0200] "POST /phpmyadmin/index.php?route=/table/maintenance/repair HTTP/1.1" 200 3214
::1 - - [10/Feb/2024:17:08:05 +0200] "POST /phpmyadmin/index.php?route=/navigation&ajax_request=1 HTTP/1.1" 200 5169
::1 - - [10/Feb/2024:17:09:15 +0200] "GET / HTTP/1.1" 200 4598
::1 - - [10/Feb/2024:17:09:15 +0200] "GET /css/site.css HTTP/1.1" 200 83
::1 - - [10/Feb/2024:17:09:15 +0200] "GET /img/php.png HTTP/1.1" 200 201607
::1 - - [10/Feb/2024:17:09:15 +0200] "GET /js/site.js HTTP/1.1" 200 28
::1 - - [10/Feb/2024:17:09:18 +0200] "GET /api HTTP/1.1" 200 3033
::1 - - [10/Feb/2024:17:09:18 +0200] "GET /css/site.css HTTP/1.1" 200 83
::1 - - [10/Feb/2024:17:09:18 +0200] "GET /img/php.png HTTP/1.1" 200 201607
::1 - - [10/Feb/2024:17:09:18 +0200] "GET /js/site.js HTTP/1.1" 200 28
::1 - - [10/Feb/2024:17:09:23 +0200] "GET /css/site.css HTTP/1.1" 200 83
::1 - - [10/Feb/2024:17:09:50 +0200] "GET /test HTTP/1.1" 200 112
::1 - - [10/Feb/2024:17:10:02 +0200] "GET /phpmyadmin/index.php?route=/database/structure&db=mysql&ajax_request=true&ajax_page_request=true&_nocache=1707577802255136600&token=467c717a3850433a69455e7045477976 HTTP/1.1" 200 13573
::1 - - [10/Feb/2024:17:10:02 +0200] "GET /phpmyadmin/themes/pmahomme/img/b_edit.png HTTP/1.1" 200 377
::1 - - [10/Feb/2024:17:10:02 +0200] "POST /phpmyadmin/index.php?route=/navigation&ajax_request=1 HTTP/1.1" 200 2566
::1 - - [10/Feb/2024:17:10:02 +0200] "POST /phpmyadmin/index.php?route=/navigation&ajax_request=1 HTTP/1.1" 200 2693
::1 - - [10/Feb/2024:17:10:03 +0200] "POST /phpmyadmin/index.php?route=/navigation&ajax_request=1 HTTP/1.1" 200 3951
::1 - - [10/Feb/2024:17:10:39 +0200] "POST /phpmyadmin/index.php?route=/table/maintenance/repair HTTP/1.1" 200 3275
::1 - - [10/Feb/2024:17:10:40 +0200] "POST /phpmyadmin/index.php?route=/navigation&ajax_request=1 HTTP/1.1" 200 5169
::1 - - [10/Feb/2024:17:10:46 +0200] "GET /phpmyadmin/index.php?route=/database/sql&db=mysql&ajax_request=true&ajax_page_request=true&_nocache=1707577846791841064&token=467c717a3850433a69455e7045477976 HTTP/1.1" 200 6386
::1 - - [10/Feb/2024:17:10:47 +0200] "POST /phpmyadmin/index.php?route=/navigation&ajax_request=1 HTTP/1.1" 200 5169
::1 - - [10/Feb/2024:17:10:48 +0200] "POST /phpmyadmin/index.php?route=/database/sql/autocomplete HTTP/1.1" 200 5567
::1 - - [10/Feb/2024:17:10:48 +0200] "POST /phpmyadmin/index.php?route=/lint HTTP/1.1" 200 28
::1 - - [10/Feb/2024:17:10:51 +0200] "POST /phpmyadmin/index.php?route=/import HTTP/1.1" 200 2307
::1 - - [10/Feb/2024:17:11:02 +0200] "POST /phpmyadmin/index.php?route=/lint HTTP/1.1" 200 28
::1 - - [10/Feb/2024:17:11:04 +0200] "POST /phpmyadmin/index.php?route=/import HTTP/1.1" 200 2215
::1 - - [10/Feb/2024:17:11:08 +0200] "GET /api HTTP/1.1" 200 3033
::1 - - [10/Feb/2024:17:11:08 +0200] "GET /css/site.css HTTP/1.1" 200 83
::1 - - [10/Feb/2024:17:11:08 +0200] "GET /img/php.png HTTP/1.1" 200 201607
::1 - - [10/Feb/2024:17:11:08 +0200] "GET /js/site.js HTTP/1.1" 200 28
::1 - - [10/Feb/2024:17:11:09 +0200] "GET /test HTTP/1.1" 200 112
::1 - - [10/Feb/2024:17:11:47 +0200] "GET /api HTTP/1.1" 200 3033
::1 - - [10/Feb/2024:17:11:47 +0200] "GET /css/site.css HTTP/1.1" 200 83
::1 - - [10/Feb/2024:17:11:47 +0200] "GET /js/site.js HTTP/1.1" 200 28
::1 - - [10/Feb/2024:17:11:47 +0200] "GET /img/php.png HTTP/1.1" 200 201607
::1 - - [10/Feb/2024:17:11:48 +0200] "GET /regexp HTTP/1.1" 200 5047
::1 - - [10/Feb/2024:17:11:48 +0200] "GET /js/site.js HTTP/1.1" 200 28
::1 - - [10/Feb/2024:17:11:48 +0200] "GET /img/php.png HTTP/1.1" 200 201607
::1 - - [10/Feb/2024:17:11:48 +0200] "GET /css/site.css HTTP/1.1" 200 83
::1 - - [10/Feb/2024:17:11:49 +0200] "GET /api HTTP/1.1" 200 3033
::1 - - [10/Feb/2024:17:11:49 +0200] "GET /css/site.css HTTP/1.1" 200 83
::1 - - [10/Feb/2024:17:11:49 +0200] "GET /js/site.js HTTP/1.1" 200 28
::1 - - [10/Feb/2024:17:11:49 +0200] "GET /img/php.png HTTP/1.1" 200 201607
::1 - - [10/Feb/2024:17:11:51 +0200] "GET /test HTTP/1.1" 200 112
::1 - - [10/Feb/2024:17:11:58 +0200] "GET /api HTTP/1.1" 200 3033
::1 - - [10/Feb/2024:17:11:58 +0200] "GET /css/site.css HTTP/1.1" 200 83
::1 - - [10/Feb/2024:17:11:58 +0200] "GET /img/php.png HTTP/1.1" 200 201607
::1 - - [10/Feb/2024:17:11:58 +0200] "GET /js/site.js HTTP/1.1" 200 28
::1 - - [10/Feb/2024:17:12:01 +0200] "GET /test HTTP/1.1" 200 112
::1 - - [10/Feb/2024:17:12:02 +0200] "GET /regexp HTTP/1.1" 200 5047
::1 - - [10/Feb/2024:17:12:02 +0200] "GET /css/site.css HTTP/1.1" 200 83
::1 - - [10/Feb/2024:17:12:02 +0200] "GET /js/site.js HTTP/1.1" 200 28
::1 - - [10/Feb/2024:17:12:02 +0200] "GET /img/php.png HTTP/1.1" 200 201607
::1 - - [10/Feb/2024:17:12:03 +0200] "GET /api HTTP/1.1" 200 3033
::1 - - [10/Feb/2024:17:12:03 +0200] "GET /js/site.js HTTP/1.1" 200 28
::1 - - [10/Feb/2024:17:12:03 +0200] "GET /css/site.css HTTP/1.1" 200 83
::1 - - [10/Feb/2024:17:12:03 +0200] "GET /img/php.png HTTP/1.1" 200 201607
::1 - - [10/Feb/2024:17:12:04 +0200] "GET /test HTTP/1.1" 200 112
::1 - - [10/Feb/2024:17:14:10 +0200] "GET /phpmyadmin/ HTTP/1.1" 200 19864
::1 - - [10/Feb/2024:17:14:10 +0200] "POST /phpmyadmin/index.php?route=/config/get HTTP/1.1" 200 1638
::1 - - [10/Feb/2024:17:14:10 +0200] "POST /phpmyadmin/index.php?route=/navigation&ajax_request=1 HTTP/1.1" 200 2566
::1 - - [10/Feb/2024:17:14:10 +0200] "POST /phpmyadmin/index.php?route=/config/get HTTP/1.1" 200 1732
::1 - - [10/Feb/2024:17:14:10 +0200] "POST /phpmyadmin/index.php?route=/database/structure/favorite-table&ajax_request=1&favorite_table=1&sync_favorite_tables=1 HTTP/1.1" 200 192
::1 - - [10/Feb/2024:17:14:10 +0200] "POST /phpmyadmin/index.php?route=/version-check HTTP/1.1" 200 64
::1 - - [10/Feb/2024:17:14:11 +0200] "POST /phpmyadmin/index.php?route=/config/set HTTP/1.1" 200 1629
::1 - - [10/Feb/2024:17:14:14 +0200] "GET /phpmyadmin/index.php?route=/server/sql&ajax_request=true&ajax_page_request=true&_nocache=1707578054798878779&token=467c717a3850433a69455e7045477976 HTTP/1.1" 200 6207
::1 - - [10/Feb/2024:17:14:15 +0200] "POST /phpmyadmin/index.php?route=/navigation&ajax_request=1 HTTP/1.1" 200 2566
::1 - - [10/Feb/2024:17:14:20 +0200] "GET /phpmyadmin/index.php?route=/database/structure&db=mysql&ajax_request=true&ajax_page_request=true&_nocache=170757806095581773&token=467c717a3850433a69455e7045477976 HTTP/1.1" 200 13573
::1 - - [10/Feb/2024:17:14:21 +0200] "POST /phpmyadmin/index.php?route=/navigation&ajax_request=1 HTTP/1.1" 200 2566
::1 - - [10/Feb/2024:17:14:21 +0200] "POST /phpmyadmin/index.php?route=/navigation&ajax_request=1 HTTP/1.1" 200 2693
::1 - - [10/Feb/2024:17:14:21 +0200] "POST /phpmyadmin/index.php?route=/navigation&ajax_request=1 HTTP/1.1" 200 2693
::1 - - [10/Feb/2024:17:14:21 +0200] "POST /phpmyadmin/index.php?route=/navigation&ajax_request=1 HTTP/1.1" 200 3951
::1 - - [10/Feb/2024:17:14:21 +0200] "POST /phpmyadmin/index.php?route=/navigation&ajax_request=1 HTTP/1.1" 200 3951
::1 - - [10/Feb/2024:17:14:28 +0200] "POST /phpmyadmin/index.php?route=/table/maintenance/repair HTTP/1.1" 200 3275
::1 - - [10/Feb/2024:17:14:28 +0200] "POST /phpmyadmin/index.php?route=/navigation&ajax_request=1 HTTP/1.1" 200 5169
::1 - - [10/Feb/2024:17:14:31 +0200] "GET /phpmyadmin/index.php?route=/database/sql&db=mysql&ajax_request=true&ajax_page_request=true&_nocache=1707578071305108287&token=467c717a3850433a69455e7045477976 HTTP/1.1" 200 6386
::1 - - [10/Feb/2024:17:14:31 +0200] "POST /phpmyadmin/index.php?route=/navigation&ajax_request=1 HTTP/1.1" 200 5169
::1 - - [10/Feb/2024:17:14:32 +0200] "POST /phpmyadmin/index.php?route=/database/sql/autocomplete HTTP/1.1" 200 5567
::1 - - [10/Feb/2024:17:14:33 +0200] "POST /phpmyadmin/index.php?route=/lint HTTP/1.1" 200 28
::1 - - [10/Feb/2024:17:14:35 +0200] "POST /phpmyadmin/index.php?route=/import HTTP/1.1" 200 2307
::1 - - [10/Feb/2024:17:14:52 +0200] "POST /phpmyadmin/index.php?route=/lint HTTP/1.1" 200 28
::1 - - [10/Feb/2024:17:14:54 +0200] "POST /phpmyadmin/index.php?route=/lint HTTP/1.1" 200 28
::1 - - [10/Feb/2024:17:14:56 +0200] "POST /phpmyadmin/index.php?route=/import HTTP/1.1" 200 2215
::1 - - [10/Feb/2024:17:15:06 +0200] "GET /api HTTP/1.1" 200 3034
::1 - - [10/Feb/2024:17:15:06 +0200] "GET /css/site.css HTTP/1.1" 200 83
::1 - - [10/Feb/2024:17:15:06 +0200] "GET /img/php.png HTTP/1.1" 200 201607
::1 - - [10/Feb/2024:17:15:06 +0200] "GET /js/site.js HTTP/1.1" 200 28
::1 - - [10/Feb/2024:17:15:07 +0200] "GET /test HTTP/1.1" 200 112
::1 - - [10/Feb/2024:17:16:27 +0200] "GET /api HTTP/1.1" 200 3034
::1 - - [10/Feb/2024:17:16:27 +0200] "GET /css/site.css HTTP/1.1" 200 83
::1 - - [10/Feb/2024:17:16:27 +0200] "GET /img/php.png HTTP/1.1" 200 201607
::1 - - [10/Feb/2024:17:16:27 +0200] "GET /js/site.js HTTP/1.1" 200 28
::1 - - [10/Feb/2024:17:16:28 +0200] "GET /test HTTP/1.1" 200 103
::1 - - [10/Feb/2024:17:16:39 +0200] "GET /test HTTP/1.1" 200 103
::1 - - [10/Feb/2024:17:17:50 +0200] "GET /api HTTP/1.1" 200 3034
::1 - - [10/Feb/2024:17:17:50 +0200] "GET /css/site.css HTTP/1.1" 200 83
::1 - - [10/Feb/2024:17:17:50 +0200] "GET /js/site.js HTTP/1.1" 200 28
::1 - - [10/Feb/2024:17:17:50 +0200] "GET /img/php.png HTTP/1.1" 200 201607
::1 - - [10/Feb/2024:17:17:51 +0200] "GET /test HTTP/1.1" 200 33
::1 - - [10/Feb/2024:17:18:38 +0200] "GET /api HTTP/1.1" 200 3034
::1 - - [10/Feb/2024:17:18:38 +0200] "GET /css/site.css HTTP/1.1" 200 83
::1 - - [10/Feb/2024:17:18:38 +0200] "GET /js/site.js HTTP/1.1" 200 28
::1 - - [10/Feb/2024:17:18:38 +0200] "GET /img/php.png HTTP/1.1" 200 201607
::1 - - [10/Feb/2024:17:18:39 +0200] "GET /test HTTP/1.1" 200 33
::1 - - [10/Feb/2024:17:35:31 +0200] "GET /api HTTP/1.1" 200 3034
::1 - - [10/Feb/2024:17:35:31 +0200] "GET /css/site.css HTTP/1.1" 200 83
::1 - - [10/Feb/2024:17:35:31 +0200] "GET /js/site.js HTTP/1.1" 200 28
::1 - - [10/Feb/2024:17:35:31 +0200] "GET /img/php.png HTTP/1.1" 200 201607
::1 - - [10/Feb/2024:17:36:23 +0200] "GET /test HTTP/1.1" 200 28
::1 - - [10/Feb/2024:17:37:31 +0200] "GET /api HTTP/1.1" 200 3037
::1 - - [10/Feb/2024:17:37:31 +0200] "GET /css/site.css HTTP/1.1" 200 83
::1 - - [10/Feb/2024:17:37:31 +0200] "GET /img/php.png HTTP/1.1" 200 201607
::1 - - [10/Feb/2024:17:37:31 +0200] "GET /js/site.js HTTP/1.1" 200 28
::1 - - [10/Feb/2024:17:37:32 +0200] "GET /test HTTP/1.1" 200 28
::1 - - [10/Feb/2024:17:38:27 +0200] "POST /phpmyadmin/index.php?route=/ HTTP/1.1" 200 1797
::1 - - [10/Feb/2024:17:39:51 +0200] "POST /phpmyadmin/index.php?route=/lint HTTP/1.1" 200 176
::1 - - [10/Feb/2024:17:39:53 +0200] "POST /phpmyadmin/index.php?route=/lint HTTP/1.1" 200 28
::1 - - [10/Feb/2024:17:39:54 +0200] "POST /phpmyadmin/index.php?route=/lint HTTP/1.1" 200 28
::1 - - [10/Feb/2024:17:39:55 +0200] "POST /phpmyadmin/index.php?route=/lint HTTP/1.1" 200 28
::1 - - [10/Feb/2024:17:39:57 +0200] "POST /phpmyadmin/index.php?route=/lint HTTP/1.1" 200 28
::1 - - [10/Feb/2024:17:39:58 +0200] "POST /phpmyadmin/index.php?route=/lint HTTP/1.1" 200 28
::1 - - [10/Feb/2024:17:40:00 +0200] "POST /phpmyadmin/index.php?route=/lint HTTP/1.1" 200 28
::1 - - [10/Feb/2024:17:40:01 +0200] "POST /phpmyadmin/index.php?route=/lint HTTP/1.1" 200 28
::1 - - [10/Feb/2024:17:40:11 +0200] "POST /phpmyadmin/index.php?route=/navigation&ajax_request=1 HTTP/1.1" 200 2155
::1 - - [10/Feb/2024:17:40:13 +0200] "POST /phpmyadmin/index.php?route=/navigation&ajax_request=1 HTTP/1.1" 200 2343
::1 - - [10/Feb/2024:17:40:13 +0200] "GET /phpmyadmin/themes/pmahomme/img/b_index.png HTTP/1.1" 200 643
::1 - - [10/Feb/2024:17:40:13 +0200] "GET /phpmyadmin/themes/pmahomme/img/pause.png HTTP/1.1" 200 255
::1 - - [10/Feb/2024:17:40:30 +0200] "GET /phpmyadmin/index.php?route=/database/structure&db=php_spd_111&ajax_request=true&ajax_page_request=true&_nocache=1707579630758752871&token=467c717a3850433a69455e7045477976 HTTP/1.1" 200 6828
::1 - - [10/Feb/2024:17:40:31 +0200] "POST /phpmyadmin/index.php?route=/navigation&ajax_request=1 HTTP/1.1" 200 3316
::1 - - [10/Feb/2024:17:40:36 +0200] "GET /phpmyadmin/index.php?route=/database/structure&db=php_spd_111&ajax_request=true&ajax_page_request=true&_nocache=1707579636103349493&token=467c717a3850433a69455e7045477976 HTTP/1.1" 200 6828
::1 - - [10/Feb/2024:17:40:36 +0200] "POST /phpmyadmin/index.php?route=/navigation&ajax_request=1 HTTP/1.1" 200 3316
::1 - - [10/Feb/2024:17:40:37 +0200] "GET /phpmyadmin/index.php?route=/database/sql&db=php_spd_111&ajax_request=true&ajax_page_request=true&_nocache=170757963739410728&token=467c717a3850433a69455e7045477976 HTTP/1.1" 200 6398
::1 - - [10/Feb/2024:17:40:37 +0200] "POST /phpmyadmin/index.php?route=/navigation&ajax_request=1 HTTP/1.1" 200 3316
::1 - - [10/Feb/2024:17:40:39 +0200] "GET /phpmyadmin/index.php?route=/database/structure&db=php_spd_111&ajax_request=true&ajax_page_request=true&_nocache=1707579639399282492&token=467c717a3850433a69455e7045477976 HTTP/1.1" 200 6828
::1 - - [10/Feb/2024:17:40:39 +0200] "POST /phpmyadmin/index.php?route=/navigation&ajax_request=1 HTTP/1.1" 200 3316
::1 - - [10/Feb/2024:17:40:41 +0200] "GET /phpmyadmin/index.php?route=/database/sql&db=php_spd_111&ajax_request=true&ajax_page_request=true&_nocache=1707579641034279566&token=467c717a3850433a69455e7045477976 HTTP/1.1" 200 6398
::1 - - [10/Feb/2024:17:40:41 +0200] "POST /phpmyadmin/index.php?route=/navigation&ajax_request=1 HTTP/1.1" 200 3316
::1 - - [10/Feb/2024:17:40:42 +0200] "POST /phpmyadmin/index.php?route=/database/sql/autocomplete HTTP/1.1" 200 1970
::1 - - [10/Feb/2024:17:40:44 +0200] "POST /phpmyadmin/index.php?route=/lint HTTP/1.1" 200 179
::1 - - [10/Feb/2024:17:40:46 +0200] "POST /phpmyadmin/index.php?route=/lint HTTP/1.1" 200 178
::1 - - [10/Feb/2024:17:40:46 +0200] "POST /phpmyadmin/index.php?route=/lint HTTP/1.1" 200 161
::1 - - [10/Feb/2024:17:40:48 +0200] "POST /phpmyadmin/index.php?route=/lint HTTP/1.1" 200 28
::1 - - [10/Feb/2024:17:40:49 +0200] "POST /phpmyadmin/index.php?route=/lint HTTP/1.1" 200 161
::1 - - [10/Feb/2024:17:40:51 +0200] "POST /phpmyadmin/index.php?route=/lint HTTP/1.1" 200 28
::1 - - [10/Feb/2024:17:40:53 +0200] "POST /phpmyadmin/index.php?route=/import HTTP/1.1" 200 3410
::1 - - [10/Feb/2024:17:40:54 +0200] "GET /phpmyadmin/themes/pmahomme/img/b_bookmark.png HTTP/1.1" 200 637
::1 - - [10/Feb/2024:17:40:54 +0200] "GET /phpmyadmin/themes/pmahomme/img/b_view_add.png HTTP/1.1" 200 678
::1 - - [10/Feb/2024:17:40:54 +0200] "GET /phpmyadmin/themes/pmahomme/img/b_tblexport.png HTTP/1.1" 200 514
::1 - - [10/Feb/2024:17:40:54 +0200] "GET /phpmyadmin/themes/pmahomme/img/s_tbl.png HTTP/1.1" 200 645
::1 - - [10/Feb/2024:17:40:54 +0200] "GET /phpmyadmin/themes/pmahomme/img/b_tblimport.png HTTP/1.1" 200 556
::1 - - [12/Feb/2024:14:19:23 +0200] "GET / HTTP/1.1" 200 4690
::1 - - [12/Feb/2024:14:19:23 +0200] "GET /css/site.css HTTP/1.1" 200 83
::1 - - [12/Feb/2024:14:19:23 +0200] "GET /img/php.png HTTP/1.1" 200 201607
::1 - - [12/Feb/2024:14:19:23 +0200] "GET /js/site.js HTTP/1.1" 200 28
::1 - - [12/Feb/2024:14:19:23 +0200] "GET /favicon.ico HTTP/1.1" 200 21
::1 - - [12/Feb/2024:14:19:28 +0200] "GET /css/site.css HTTP/1.1" 200 83
::1 - - [12/Feb/2024:14:19:32 +0200] "GET /formRegistration HTTP/1.1" 200 1437
::1 - - [12/Feb/2024:14:19:32 +0200] "GET /img/php.png HTTP/1.1" 200 201607
::1 - - [12/Feb/2024:14:19:32 +0200] "GET /css/site.css HTTP/1.1" 200 83
::1 - - [12/Feb/2024:14:19:32 +0200] "GET /js/site.js HTTP/1.1" 200 28
::1 - - [12/Feb/2024:14:19:32 +0200] "GET /favicon.ico HTTP/1.1" 200 21
::1 - - [12/Feb/2024:14:20:02 +0200] "GET /formRegistration HTTP/1.1" 200 1415
::1 - - [12/Feb/2024:14:20:02 +0200] "GET /css/site.css HTTP/1.1" 200 83
::1 - - [12/Feb/2024:14:20:02 +0200] "GET /js/site.js HTTP/1.1" 200 28
::1 - - [12/Feb/2024:14:20:02 +0200] "GET /img/php.png HTTP/1.1" 200 201607
::1 - - [12/Feb/2024:14:20:02 +0200] "GET /favicon.ico HTTP/1.1" 200 21
::1 - - [12/Feb/2024:14:21:36 +0200] "GET /formRegistration HTTP/1.1" 200 2966
::1 - - [12/Feb/2024:14:21:36 +0200] "GET /css/site.css HTTP/1.1" 200 83
::1 - - [12/Feb/2024:14:21:36 +0200] "GET /img/php.png HTTP/1.1" 200 201607
::1 - - [12/Feb/2024:14:21:36 +0200] "GET /js/site.js HTTP/1.1" 200 28
::1 - - [12/Feb/2024:14:21:36 +0200] "GET /favicon.ico HTTP/1.1" 200 21
::1 - - [12/Feb/2024:14:21:54 +0200] "GET /formRegistration HTTP/1.1" 200 2966
::1 - - [12/Feb/2024:14:21:54 +0200] "GET /js/site.js HTTP/1.1" 200 28
::1 - - [12/Feb/2024:14:21:54 +0200] "GET /img/php.png HTTP/1.1" 200 201607
::1 - - [12/Feb/2024:14:21:54 +0200] "GET /css/site.css HTTP/1.1" 200 83
::1 - - [12/Feb/2024:14:21:54 +0200] "GET /favicon.ico HTTP/1.1" 200 21
::1 - - [12/Feb/2024:14:25:58 +0200] "GET /formRegistration HTTP/1.1" 200 2415
::1 - - [12/Feb/2024:14:25:58 +0200] "GET /css/site.css HTTP/1.1" 200 83
::1 - - [12/Feb/2024:14:25:58 +0200] "GET /img/php.png HTTP/1.1" 200 201607
::1 - - [12/Feb/2024:14:25:58 +0200] "GET /js/site.js HTTP/1.1" 200 28
::1 - - [12/Feb/2024:14:25:58 +0200] "GET /favicon.ico HTTP/1.1" 200 21
::1 - - [12/Feb/2024:14:26:40 +0200] "GET /formRegistration HTTP/1.1" 200 2403
::1 - - [12/Feb/2024:14:26:40 +0200] "GET /css/site.css HTTP/1.1" 200 83
::1 - - [12/Feb/2024:14:26:40 +0200] "GET /js/site.js HTTP/1.1" 200 28
::1 - - [12/Feb/2024:14:26:40 +0200] "GET /img/php.png HTTP/1.1" 200 201607
::1 - - [12/Feb/2024:14:26:40 +0200] "GET /favicon.ico HTTP/1.1" 200 21
::1 - - [12/Feb/2024:14:27:17 +0200] "GET /formRegistration HTTP/1.1" 200 2409
::1 - - [12/Feb/2024:14:27:17 +0200] "GET /css/site.css HTTP/1.1" 200 83
::1 - - [12/Feb/2024:14:27:17 +0200] "GET /img/php.png HTTP/1.1" 200 201607
::1 - - [12/Feb/2024:14:27:17 +0200] "GET /js/site.js HTTP/1.1" 200 28
::1 - - [12/Feb/2024:14:27:18 +0200] "GET /favicon.ico HTTP/1.1" 200 21
::1 - - [12/Feb/2024:14:27:32 +0200] "GET /formRegistration HTTP/1.1" 200 2416
::1 - - [12/Feb/2024:14:27:32 +0200] "GET /css/site.css HTTP/1.1" 200 83
::1 - - [12/Feb/2024:14:27:32 +0200] "GET /js/site.js HTTP/1.1" 200 28
::1 - - [12/Feb/2024:14:27:32 +0200] "GET /img/php.png HTTP/1.1" 200 201607
::1 - - [12/Feb/2024:14:27:32 +0200] "GET /favicon.ico HTTP/1.1" 200 21
::1 - - [12/Feb/2024:14:27:51 +0200] "GET /api HTTP/1.1" 200 3128
::1 - - [12/Feb/2024:14:27:51 +0200] "GET /css/site.css HTTP/1.1" 200 83
::1 - - [12/Feb/2024:14:27:51 +0200] "GET /js/site.js HTTP/1.1" 200 28
::1 - - [12/Feb/2024:14:27:51 +0200] "GET /img/php.png HTTP/1.1" 200 201607
::1 - - [12/Feb/2024:14:27:51 +0200] "GET /favicon.ico HTTP/1.1" 200 21
::1 - - [12/Feb/2024:14:27:53 +0200] "GET /formRegistration HTTP/1.1" 200 2416
::1 - - [12/Feb/2024:14:27:53 +0200] "GET /js/site.js HTTP/1.1" 200 28
::1 - - [12/Feb/2024:14:27:53 +0200] "GET /css/site.css HTTP/1.1" 200 83
::1 - - [12/Feb/2024:14:27:53 +0200] "GET /img/php.png HTTP/1.1" 200 201607
::1 - - [12/Feb/2024:14:27:54 +0200] "GET /favicon.ico HTTP/1.1" 200 21
::1 - - [12/Feb/2024:14:30:47 +0200] "GET /formRegistration HTTP/1.1" 200 2711
::1 - - [12/Feb/2024:14:30:47 +0200] "GET /js/site.js HTTP/1.1" 200 28
::1 - - [12/Feb/2024:14:30:47 +0200] "GET /css/site.css HTTP/1.1" 200 83
::1 - - [12/Feb/2024:14:30:47 +0200] "GET /img/php.png HTTP/1.1" 200 201607
::1 - - [12/Feb/2024:14:30:47 +0200] "GET /favicon.ico HTTP/1.1" 200 21
::1 - - [12/Feb/2024:14:30:50 +0200] "GET /formRegistration?name=&email=&password=&repeatPassword=&action= HTTP/1.1" 200 27
::1 - - [12/Feb/2024:14:30:50 +0200] "GET /favicon.ico HTTP/1.1" 200 21
::1 - - [12/Feb/2024:14:30:55 +0200] "GET /favicon.ico HTTP/1.1" 200 21
::1 - - [12/Feb/2024:14:30:55 +0200] "GET /css/site.css HTTP/1.1" 200 83
::1 - - [12/Feb/2024:14:31:10 +0200] "GET /formRegistration HTTP/1.1" 200 2711
::1 - - [12/Feb/2024:14:31:10 +0200] "GET /css/site.css HTTP/1.1" 200 83
::1 - - [12/Feb/2024:14:31:10 +0200] "GET /js/site.js HTTP/1.1" 200 28
::1 - - [12/Feb/2024:14:31:10 +0200] "GET /img/php.png HTTP/1.1" 200 201607
::1 - - [12/Feb/2024:14:31:10 +0200] "GET /favicon.ico HTTP/1.1" 200 21
::1 - - [12/Feb/2024:14:33:36 +0200] "GET /formRegistration HTTP/1.1" 200 3112
::1 - - [12/Feb/2024:14:33:36 +0200] "GET /css/site.css HTTP/1.1" 200 83
::1 - - [12/Feb/2024:14:33:36 +0200] "GET /img/php.png HTTP/1.1" 200 201607
::1 - - [12/Feb/2024:14:33:36 +0200] "GET /js/site.js HTTP/1.1" 200 28
::1 - - [12/Feb/2024:14:33:36 +0200] "GET /favicon.ico HTTP/1.1" 200 21
::1 - - [12/Feb/2024:14:34:00 +0200] "GET /formRegistration HTTP/1.1" 200 3112
::1 - - [12/Feb/2024:14:34:00 +0200] "GET /css/site.css HTTP/1.1" 200 83
::1 - - [12/Feb/2024:14:34:00 +0200] "GET /js/site.js HTTP/1.1" 200 28
::1 - - [12/Feb/2024:14:34:00 +0200] "GET /img/php.png HTTP/1.1" 200 201607
::1 - - [12/Feb/2024:14:34:00 +0200] "GET /favicon.ico HTTP/1.1" 200 21
::1 - - [12/Feb/2024:14:34:57 +0200] "GET /formRegistration HTTP/1.1" 200 3108
::1 - - [12/Feb/2024:14:34:57 +0200] "GET /img/php.png HTTP/1.1" 200 201607
::1 - - [12/Feb/2024:14:34:57 +0200] "GET /css/site.css HTTP/1.1" 200 83
::1 - - [12/Feb/2024:14:34:57 +0200] "GET /js/site.js HTTP/1.1" 200 28
::1 - - [12/Feb/2024:14:34:57 +0200] "GET /favicon.ico HTTP/1.1" 200 21
::1 - - [12/Feb/2024:14:35:09 +0200] "GET /formRegistration HTTP/1.1" 200 3108
::1 - - [12/Feb/2024:14:35:09 +0200] "GET /css/site.css HTTP/1.1" 200 83
::1 - - [12/Feb/2024:14:35:09 +0200] "GET /img/php.png HTTP/1.1" 200 201607
::1 - - [12/Feb/2024:14:35:09 +0200] "GET /js/site.js HTTP/1.1" 200 28
::1 - - [12/Feb/2024:14:35:09 +0200] "GET /favicon.ico HTTP/1.1" 200 21
::1 - - [12/Feb/2024:14:49:39 +0200] "GET /phpmyadmin/ HTTP/1.1" 200 19447
::1 - - [12/Feb/2024:14:49:48 +0200] "GET /phpmyadmin/js/messages.php?l=ru&v=5.2.1 HTTP/1.1" 200 12854
::1 - - [12/Feb/2024:14:49:49 +0200] "GET /phpmyadmin/favicon.ico HTTP/1.1" 200 22486
::1 - - [12/Feb/2024:14:49:49 +0200] "POST /phpmyadmin/index.php?route=/config/get HTTP/1.1" 200 1636
::1 - - [12/Feb/2024:14:49:49 +0200] "POST /phpmyadmin/index.php?route=/navigation&ajax_request=1 HTTP/1.1" 200 2596
::1 - - [12/Feb/2024:14:49:49 +0200] "POST /phpmyadmin/index.php?route=/version-check HTTP/1.1" 200 64
::1 - - [12/Feb/2024:14:49:49 +0200] "POST /phpmyadmin/index.php?route=/config/get HTTP/1.1" 200 1730
::1 - - [12/Feb/2024:14:49:49 +0200] "POST /phpmyadmin/index.php?route=/database/structure/favorite-table&ajax_request=1&favorite_table=1&sync_favorite_tables=1 HTTP/1.1" 200 192
::1 - - [12/Feb/2024:14:49:50 +0200] "POST /phpmyadmin/index.php?route=/config/set HTTP/1.1" 200 1627
::1 - - [12/Feb/2024:14:49:53 +0200] "GET /phpmyadmin/themes/pmahomme/img/s_unlink.png HTTP/1.1" 200 589
::1 - - [12/Feb/2024:14:49:53 +0200] "GET /phpmyadmin/index.php?route=/server/sql&ajax_request=true&ajax_page_request=true&_nocache=1707742193172499061&token=443c76376b67454352653f5f356e627d HTTP/1.1" 200 6205
::1 - - [12/Feb/2024:14:49:53 +0200] "POST /phpmyadmin/index.php?route=/navigation&ajax_request=1 HTTP/1.1" 200 2596
::1 - - [12/Feb/2024:14:49:54 +0200] "POST /phpmyadmin/index.php?route=/navigation&ajax_request=1 HTTP/1.1" 200 2152
::1 - - [12/Feb/2024:14:50:08 +0200] "GET / HTTP/1.1" 200 4679
::1 - - [12/Feb/2024:14:50:08 +0200] "GET /css/site.css HTTP/1.1" 200 83
::1 - - [12/Feb/2024:14:50:08 +0200] "GET /js/site.js HTTP/1.1" 200 28
::1 - - [12/Feb/2024:14:50:08 +0200] "GET /img/php.png HTTP/1.1" 200 201607
::1 - - [12/Feb/2024:14:50:08 +0200] "GET /favicon.ico HTTP/1.1" 200 21
::1 - - [12/Feb/2024:14:50:10 +0200] "GET /basics HTTP/1.1" 200 3533
::1 - - [12/Feb/2024:14:50:10 +0200] "GET /css/site.css HTTP/1.1" 200 83
::1 - - [12/Feb/2024:14:50:10 +0200] "GET /js/site.js HTTP/1.1" 200 28
::1 - - [12/Feb/2024:14:50:10 +0200] "GET /img/php.png HTTP/1.1" 200 201607
::1 - - [12/Feb/2024:14:50:10 +0200] "GET /favicon.ico HTTP/1.1" 200 21
::1 - - [12/Feb/2024:14:50:11 +0200] "GET /api HTTP/1.1" 200 3128
::1 - - [12/Feb/2024:14:50:11 +0200] "GET /js/site.js HTTP/1.1" 200 28
::1 - - [12/Feb/2024:14:50:11 +0200] "GET /css/site.css HTTP/1.1" 200 83
::1 - - [12/Feb/2024:14:50:11 +0200] "GET /img/php.png HTTP/1.1" 200 201607
::1 - - [12/Feb/2024:14:50:11 +0200] "GET /favicon.ico HTTP/1.1" 200 21
::1 - - [12/Feb/2024:14:50:13 +0200] "POST /test HTTP/1.1" 200 44
::1 - - [12/Feb/2024:14:50:22 +0200] "GET /phpmyadmin/index.php?route=/database/structure&db=php_spd_111&ajax_request=true&ajax_page_request=true&_nocache=1707742222395346265&token=443c76376b67454352653f5f356e627d HTTP/1.1" 200 7089
::1 - - [12/Feb/2024:14:50:23 +0200] "POST /phpmyadmin/index.php?route=/navigation&ajax_request=1 HTTP/1.1" 200 3014
::1 - - [12/Feb/2024:14:50:26 +0200] "POST /phpmyadmin/index.php?route=/navigation&ajax_request=1 HTTP/1.1" 200 2361
::1 - - [12/Feb/2024:14:50:26 +0200] "GET /phpmyadmin/themes/pmahomme/img/pause.png HTTP/1.1" 200 255
::1 - - [12/Feb/2024:14:50:26 +0200] "GET /phpmyadmin/themes/pmahomme/img/b_index.png HTTP/1.1" 200 643
::1 - - [12/Feb/2024:14:50:29 +0200] "POST /phpmyadmin/index.php?route=/navigation&ajax_request=1 HTTP/1.1" 200 2068
::1 - - [12/Feb/2024:14:50:29 +0200] "GET /phpmyadmin/themes/pmahomme/img/b_primary.png HTTP/1.1" 200 536
::1 - - [12/Feb/2024:14:50:29 +0200] "GET /phpmyadmin/themes/pmahomme/img/b_column_add.png HTTP/1.1" 200 431
::1 - - [12/Feb/2024:14:54:00 +0200] "GET /formRegistration HTTP/1.1" 200 3108
::1 - - [12/Feb/2024:14:54:00 +0200] "GET /css/site.css HTTP/1.1" 200 83
::1 - - [12/Feb/2024:14:54:00 +0200] "GET /img/php.png HTTP/1.1" 200 201607
::1 - - [12/Feb/2024:14:54:00 +0200] "GET /js/site.js HTTP/1.1" 200 28
::1 - - [12/Feb/2024:14:54:00 +0200] "GET /favicon.ico HTTP/1.1" 200 21
::1 - - [12/Feb/2024:15:03:51 +0200] "GET /formRegistration HTTP/1.1" 200 3184
::1 - - [12/Feb/2024:15:03:51 +0200] "GET /css/site.css HTTP/1.1" 200 83
::1 - - [12/Feb/2024:15:03:51 +0200] "GET /img/php.png HTTP/1.1" 200 201607
::1 - - [12/Feb/2024:15:03:51 +0200] "GET /js/site.js HTTP/1.1" 200 28
::1 - - [12/Feb/2024:15:03:51 +0200] "GET /favicon.ico HTTP/1.1" 200 21
::1 - - [12/Feb/2024:15:03:54 +0200] "GET /favicon.ico HTTP/1.1" 200 21
::1 - - [12/Feb/2024:15:06:48 +0200] "GET /formRegistration HTTP/1.1" 200 4046
::1 - - [12/Feb/2024:15:06:48 +0200] "GET /css/site.css HTTP/1.1" 200 83
::1 - - [12/Feb/2024:15:06:48 +0200] "GET /js/site.js HTTP/1.1" 200 28
::1 - - [12/Feb/2024:15:06:48 +0200] "GET /img/php.png HTTP/1.1" 200 201607
::1 - - [12/Feb/2024:15:06:48 +0200] "GET /favicon.ico HTTP/1.1" 200 21
::1 - - [12/Feb/2024:15:08:11 +0200] "GET /formRegistration HTTP/1.1" 200 4097
::1 - - [12/Feb/2024:15:08:11 +0200] "GET /css/site.css HTTP/1.1" 200 83
::1 - - [12/Feb/2024:15:08:11 +0200] "GET /img/php.png HTTP/1.1" 200 201607
::1 - - [12/Feb/2024:15:08:11 +0200] "GET /js/site.js HTTP/1.1" 200 28
::1 - - [12/Feb/2024:15:08:11 +0200] "GET /favicon.ico HTTP/1.1" 200 21
::1 - - [12/Feb/2024:15:09:31 +0200] "GET /formRegistration HTTP/1.1" 200 5151
::1 - - [12/Feb/2024:15:09:31 +0200] "GET /css/site.css HTTP/1.1" 200 83
::1 - - [12/Feb/2024:15:09:31 +0200] "GET /img/php.png HTTP/1.1" 200 201607
::1 - - [12/Feb/2024:15:09:31 +0200] "GET /js/site.js HTTP/1.1" 200 28
::1 - - [12/Feb/2024:15:09:31 +0200] "GET /favicon.ico HTTP/1.1" 200 21
::1 - - [12/Feb/2024:15:09:42 +0200] "GET /favicon.ico HTTP/1.1" 200 21
::1 - - [12/Feb/2024:15:09:56 +0200] "GET /formRegistration HTTP/1.1" 200 5151
::1 - - [12/Feb/2024:15:09:56 +0200] "GET /css/site.css HTTP/1.1" 200 83
::1 - - [12/Feb/2024:15:09:56 +0200] "GET /js/site.js HTTP/1.1" 200 28
::1 - - [12/Feb/2024:15:09:56 +0200] "GET /img/php.png HTTP/1.1" 200 201607
::1 - - [12/Feb/2024:15:09:56 +0200] "GET /favicon.ico HTTP/1.1" 200 21
::1 - - [12/Feb/2024:15:14:18 +0200] "POST /phpmyadmin/index.php?route=/ HTTP/1.1" 200 1801
