[Sat Feb 03 15:37:13.411990 2024] [php:error] [pid 7768:tid 1876] [client ::1:62593] PHP Parse error:  syntax error, unexpected token "endforeach" in C:\\Users\\ASUS\\source\\repos\\PHP-SPD-111\\basics.php on line 64, referer: http://spd-111.loc/
[Sat Feb 10 16:12:31.438268 2024] [php:warn] [pid 16188:tid 1932] [client ::1:53535] PHP Warning:  Undefined variable $SERVER in C:\\Users\\ASUS\\source\\repos\\PHP-SPD-111\\controllers\\TestController.php on line 5, referer: http://spd-111.loc/api
[Sat Feb 10 16:12:31.440276 2024] [php:warn] [pid 16188:tid 1932] [client ::1:53535] PHP Warning:  Trying to access array offset on value of type null in C:\\Users\\ASUS\\source\\repos\\PHP-SPD-111\\controllers\\TestController.php on line 5, referer: http://spd-111.loc/api
[Sat Feb 10 16:12:48.666763 2024] [php:warn] [pid 16188:tid 1932] [client ::1:53553] PHP Warning:  Undefined variable $SERVER in C:\\Users\\ASUS\\source\\repos\\PHP-SPD-111\\controllers\\TestController.php on line 5, referer: http://spd-111.loc/api
[Sat Feb 10 16:12:48.666763 2024] [php:warn] [pid 16188:tid 1932] [client ::1:53553] PHP Warning:  Trying to access array offset on value of type null in C:\\Users\\ASUS\\source\\repos\\PHP-SPD-111\\controllers\\TestController.php on line 5, referer: http://spd-111.loc/api
[Sat Feb 24 15:25:00.701437 2024] [php:error] [pid 20848:tid 1944] [client ::1:55785] PHP Parse error:  syntax error, unexpected token "<" in C:\\Users\\ASUS\\source\\repos\\PHP-SPD-111\\_layout.php on line 25, referer: http://spd-111.loc/formRegistration
[Sat Feb 24 16:20:00.244779 2024] [php:warn] [pid 20848:tid 1944] [client ::1:59386] PHP Warning:  Undefined variable $db in C:\\Users\\ASUS\\source\\repos\\PHP-SPD-111\\controllers\\AuthController.php on line 58, referer: http://spd-111.loc/formRegistration
[Sat Feb 24 16:20:00.245811 2024] [php:error] [pid 20848:tid 1944] [client ::1:59386] PHP Fatal error:  Uncaught Error: Call to a member function prepare() on null in C:\\Users\\ASUS\\source\\repos\\PHP-SPD-111\\controllers\\AuthController.php:58\nStack trace:\n#0 C:\\Users\\ASUS\\source\\repos\\PHP-SPD-111\\controllers\\ApiController.php(9): AuthController->do_patch()\n#1 C:\\Users\\ASUS\\source\\repos\\PHP-SPD-111\\access_manager.php(73): ApiController->serve()\n#2 {main}\n  thrown in C:\\Users\\ASUS\\source\\repos\\PHP-SPD-111\\controllers\\AuthController.php on line 58, referer: http://spd-111.loc/formRegistration
[Sat Feb 24 17:47:46.603134 2024] [php:warn] [pid 9440:tid 1944] [client ::1:64461] PHP Warning:  Undefined variable $interval in C:\\Users\\ASUS\\source\\repos\\PHP-SPD-111\\_layout.php on line 54
[Sat Feb 24 17:49:03.209320 2024] [php:warn] [pid 17236:tid 1884] [client ::1:64611] PHP Warning:  Undefined variable $interval in C:\\Users\\ASUS\\source\\repos\\PHP-SPD-111\\_layout.php on line 54
[Sat Feb 24 17:49:55.683939 2024] [php:warn] [pid 17236:tid 1876] [client ::1:64739] PHP Warning:  Undefined variable $interval in C:\\Users\\ASUS\\source\\repos\\PHP-SPD-111\\_layout.php on line 54
[Sun Feb 25 11:10:28.626608 2024] [php:error] [pid 14468:tid 1896] [client ::1:57161] PHP Parse error:  syntax error, unexpected token "<" in C:\\Users\\ASUS\\source\\repos\\PHP-SPD-111\\_layout.php on line 51
[Sun Feb 25 11:11:33.408362 2024] [php:warn] [pid 14468:tid 1892] [client ::1:57206] PHP Warning:  Undefined variable $interval in C:\\Users\\ASUS\\source\\repos\\PHP-SPD-111\\_layout.php on line 61
[Sun Feb 25 11:19:27.232417 2024] [php:warn] [pid 14468:tid 1888] [client ::1:57565] PHP Warning:  Undefined variable $interval in C:\\Users\\ASUS\\source\\repos\\PHP-SPD-111\\_layout.php on line 61, referer: http://spd-111.loc/
[Sun Feb 25 11:19:29.368859 2024] [php:warn] [pid 14468:tid 1892] [client ::1:57567] PHP Warning:  Undefined variable $interval in C:\\Users\\ASUS\\source\\repos\\PHP-SPD-111\\_layout.php on line 61, referer: http://spd-111.loc/
[Sun Feb 25 11:19:32.778477 2024] [php:warn] [pid 14468:tid 1896] [client ::1:57566] PHP Warning:  Undefined variable $interval in C:\\Users\\ASUS\\source\\repos\\PHP-SPD-111\\_layout.php on line 61, referer: http://spd-111.loc/regexp
[Sun Feb 25 11:19:33.864963 2024] [php:warn] [pid 14468:tid 1888] [client ::1:57565] PHP Warning:  Undefined variable $interval in C:\\Users\\ASUS\\source\\repos\\PHP-SPD-111\\_layout.php on line 61, referer: http://spd-111.loc/layout
[Sun Feb 25 11:22:32.729425 2024] [php:warn] [pid 14468:tid 1892] [client ::1:57784] PHP Warning:  Undefined variable $interval in C:\\Users\\ASUS\\source\\repos\\PHP-SPD-111\\_layout.php on line 61, referer: http://spd-111.loc/regexp
[Sun Feb 25 11:22:33.879070 2024] [php:warn] [pid 14468:tid 1888] [client ::1:57785] PHP Warning:  Undefined variable $interval in C:\\Users\\ASUS\\source\\repos\\PHP-SPD-111\\_layout.php on line 61, referer: http://spd-111.loc/basics
[Sun Feb 25 11:24:41.696665 2024] [php:warn] [pid 14468:tid 1888] [client ::1:57886] PHP Warning:  Undefined variable $interval in C:\\Users\\ASUS\\source\\repos\\PHP-SPD-111\\_layout.php on line 61, referer: http://spd-111.loc/api
[Sun Feb 25 11:40:23.690024 2024] [php:warn] [pid 14468:tid 1892] [client ::1:58675] PHP Warning:  session_destroy(): Trying to destroy uninitialized session in C:\\Users\\ASUS\\source\\repos\\PHP-SPD-111\\controllers\\AuthController.php on line 100, referer: http://spd-111.loc/formRegistration
[Sun Feb 25 11:46:00.816680 2024] [php:warn] [pid 14468:tid 1896] [client ::1:58997] PHP Warning:  session_destroy(): Trying to destroy uninitialized session in C:\\Users\\ASUS\\source\\repos\\PHP-SPD-111\\controllers\\AuthController.php on line 100, referer: http://spd-111.loc/formRegistration
[Sun Feb 25 11:47:24.399102 2024] [php:warn] [pid 14468:tid 1888] [client ::1:59101] PHP Warning:  Undefined variable $interval in C:\\Users\\ASUS\\source\\repos\\PHP-SPD-111\\_layout.php on line 61, referer: http://spd-111.loc/formRegistration
[Sun Feb 25 11:50:09.052823 2024] [php:warn] [pid 14468:tid 1896] [client ::1:59238] PHP Warning:  Undefined variable $interval in C:\\Users\\ASUS\\source\\repos\\PHP-SPD-111\\_layout.php on line 61, referer: http://spd-111.loc/basics
[Sun Feb 25 11:51:48.299818 2024] [php:warn] [pid 14468:tid 1896] [client ::1:59352] PHP Warning:  Undefined variable $interval in C:\\Users\\ASUS\\source\\repos\\PHP-SPD-111\\_layout.php on line 61, referer: http://spd-111.loc/
[Sun Feb 25 11:55:40.408660 2024] [php:warn] [pid 14468:tid 1896] [client ::1:59604] PHP Warning:  Undefined variable $interval in C:\\Users\\ASUS\\source\\repos\\PHP-SPD-111\\_layout.php on line 62, referer: http://spd-111.loc/regexp
[Tue Feb 27 14:40:30.434975 2024] [php:warn] [pid 18128:tid 1924] [client ::1:49716] PHP Warning:  Undefined variable $interval in C:\\Users\\ASUS\\source\\repos\\PHP-SPD-111\\_layout.php on line 62
[Tue Feb 27 14:42:14.738637 2024] [php:warn] [pid 18128:tid 1924] [client ::1:49875] PHP Warning:  Undefined variable $interval in C:\\Users\\ASUS\\source\\repos\\PHP-SPD-111\\_layout.php on line 62, referer: http://spd-111.loc/
[Tue Feb 27 14:43:49.765511 2024] [php:warn] [pid 18128:tid 1888] [client ::1:50114] PHP Warning:  Undefined variable $interval in C:\\Users\\ASUS\\source\\repos\\PHP-SPD-111\\_layout.php on line 62, referer: http://spd-111.loc/formRegistration
[Tue Feb 27 14:46:51.353801 2024] [php:warn] [pid 18128:tid 1876] [client ::1:50393] PHP Warning:  Undefined variable $interval in C:\\Users\\ASUS\\source\\repos\\PHP-SPD-111\\_layout.php on line 62, referer: http://spd-111.loc/
[Tue Feb 27 14:47:00.836190 2024] [php:warn] [pid 18128:tid 1892] [client ::1:50406] PHP Warning:  Undefined array key "user-avatar" in C:\\Users\\ASUS\\source\\repos\\PHP-SPD-111\\_layout.php on line 52, referer: http://spd-111.loc/regexp
[Tue Feb 27 14:47:12.901076 2024] [php:warn] [pid 18128:tid 1884] [client ::1:50417] PHP Warning:  Undefined array key "user-avatar" in C:\\Users\\ASUS\\source\\repos\\PHP-SPD-111\\_layout.php on line 52, referer: http://spd-111.loc/regexp
[Tue Feb 27 14:48:05.634695 2024] [php:warn] [pid 18128:tid 1892] [client ::1:50488] PHP Warning:  Undefined array key "filename" in C:\\Users\\ASUS\\source\\repos\\PHP-SPD-111\\_layout.php on line 52, referer: http://spd-111.loc/
[Tue Feb 27 14:50:18.147123 2024] [php:error] [pid 18128:tid 1884] [client ::1:50552] PHP Parse error:  syntax error, unexpected variable "$_SESSION", expecting "," or ";" in C:\\Users\\ASUS\\source\\repos\\PHP-SPD-111\\_layout.php on line 52, referer: http://spd-111.loc/
[Tue Feb 27 14:51:41.985224 2024] [php:error] [pid 18128:tid 1884] [client ::1:50607] PHP Parse error:  syntax error, unexpected variable "$_SESSION", expecting "," or ";" in C:\\Users\\ASUS\\source\\repos\\PHP-SPD-111\\_layout.php on line 52, referer: http://spd-111.loc/
[Tue Feb 27 14:51:43.873504 2024] [php:error] [pid 18128:tid 1884] [client ::1:50607] PHP Parse error:  syntax error, unexpected variable "$_SESSION", expecting "," or ";" in C:\\Users\\ASUS\\source\\repos\\PHP-SPD-111\\_layout.php on line 52, referer: http://spd-111.loc/
[Tue Feb 27 14:51:47.093372 2024] [php:error] [pid 18128:tid 1884] [client ::1:50607] PHP Parse error:  syntax error, unexpected variable "$_SESSION", expecting "," or ";" in C:\\Users\\ASUS\\source\\repos\\PHP-SPD-111\\_layout.php on line 52, referer: http://spd-111.loc/
[Tue Feb 27 14:51:47.305432 2024] [php:error] [pid 18128:tid 1884] [client ::1:50607] PHP Parse error:  syntax error, unexpected variable "$_SESSION", expecting "," or ";" in C:\\Users\\ASUS\\source\\repos\\PHP-SPD-111\\_layout.php on line 52, referer: http://spd-111.loc/
[Tue Feb 27 14:52:00.415714 2024] [php:error] [pid 18128:tid 1876] [client ::1:50666] PHP Parse error:  syntax error, unexpected variable "$_SESSION", expecting "," or ";" in C:\\Users\\ASUS\\source\\repos\\PHP-SPD-111\\_layout.php on line 52, referer: http://spd-111.loc/
[Tue Feb 27 14:56:49.272936 2024] [core:error] [pid 18128:tid 1892] (20024)The given path is misformatted or contained invalid characters: [client ::1:50940] AH00127: Cannot map GET /%3C?=%20$user_avatar%20?%3E HTTP/1.1 to file, referer: http://spd-111.loc/
[Tue Feb 27 20:51:47.102492 2024] [php:warn] [pid 22400:tid 1896] [client ::1:51117] PHP Warning:  Undefined variable $interval in C:\\Users\\ASUS\\source\\repos\\PHP-SPD-111\\_layout.php on line 63
[Tue Feb 27 21:55:01.599110 2024] [php:error] [pid 24096:tid 1888] [client ::1:54273] PHP Parse error:  syntax error, unexpected variable "$user_avatar", expecting "," or ";" in C:\\Users\\ASUS\\source\\repos\\PHP-SPD-111\\_layout.php on line 57, referer: http://spd-111.loc/
[Tue Feb 27 22:02:27.369966 2024] [php:error] [pid 24096:tid 1892] [client ::1:54889] PHP Fatal error:  Uncaught TypeError: Cannot access offset of type string on string in C:\\Users\\ASUS\\source\\repos\\PHP-SPD-111\\_layout.php:15\nStack trace:\n#0 C:\\Users\\ASUS\\source\\repos\\PHP-SPD-111\\access_manager.php(63): include()\n#1 {main}\n  thrown in C:\\Users\\ASUS\\source\\repos\\PHP-SPD-111\\_layout.php on line 15, referer: http://spd-111.loc/
[Tue Feb 27 22:03:11.361043 2024] [php:warn] [pid 24096:tid 1932] [client ::1:54890] PHP Warning:  Undefined array key "user" in C:\\Users\\ASUS\\source\\repos\\PHP-SPD-111\\_layout.php on line 67, referer: http://spd-111.loc/
[Tue Feb 27 22:03:11.361043 2024] [php:warn] [pid 24096:tid 1932] [client ::1:54890] PHP Warning:  Trying to access array offset on value of type null in C:\\Users\\ASUS\\source\\repos\\PHP-SPD-111\\_layout.php on line 67, referer: http://spd-111.loc/
[Tue Feb 27 22:05:02.273572 2024] [php:error] [pid 24096:tid 1932] [client ::1:55036] PHP Parse error:  syntax error, unexpected token "." in C:\\Users\\ASUS\\source\\repos\\PHP-SPD-111\\_layout.php on line 56, referer: http://spd-111.loc/
[Tue Feb 27 22:24:34.793669 2024] [php:warn] [pid 16936:tid 1908] [client ::1:56312] PHP Warning:  Undefined variable $interval in C:\\Users\\ASUS\\source\\repos\\PHP-SPD-111\\_layout.php on line 69, referer: http://spd-111.loc/
[Tue Feb 27 22:27:18.928834 2024] [php:warn] [pid 16936:tid 1888] [client ::1:56444] PHP Warning:  Undefined variable $interval in C:\\Users\\ASUS\\source\\repos\\PHP-SPD-111\\_layout.php on line 70, referer: http://spd-111.loc/
[Tue Feb 27 22:28:15.036868 2024] [php:warn] [pid 16936:tid 1884] [client ::1:56509] PHP Warning:  Undefined variable $interval in C:\\Users\\ASUS\\source\\repos\\PHP-SPD-111\\_layout.php on line 69, referer: http://spd-111.loc/
[Tue Feb 27 22:28:46.181261 2024] [php:warn] [pid 16936:tid 1908] [client ::1:56529] PHP Warning:  Undefined variable $interval in C:\\Users\\ASUS\\source\\repos\\PHP-SPD-111\\_layout.php on line 69, referer: http://spd-111.loc/
[Tue Feb 27 22:31:40.850232 2024] [php:warn] [pid 16936:tid 1892] [client ::1:56672] PHP Warning:  Undefined variable $user_name in C:\\Users\\ASUS\\source\\repos\\PHP-SPD-111\\_layout.php on line 53, referer: http://spd-111.loc/
[Tue Feb 27 22:31:40.850232 2024] [php:warn] [pid 16936:tid 1892] [client ::1:56672] PHP Warning:  Undefined variable $interval in C:\\Users\\ASUS\\source\\repos\\PHP-SPD-111\\_layout.php on line 70, referer: http://spd-111.loc/
[Tue Feb 27 22:31:44.020065 2024] [php:warn] [pid 16936:tid 1888] [client ::1:56677] PHP Warning:  Undefined variable $user_name in C:\\Users\\ASUS\\source\\repos\\PHP-SPD-111\\_layout.php on line 53, referer: http://spd-111.loc/
[Tue Feb 27 22:31:44.020560 2024] [php:warn] [pid 16936:tid 1888] [client ::1:56677] PHP Warning:  Undefined variable $interval in C:\\Users\\ASUS\\source\\repos\\PHP-SPD-111\\_layout.php on line 70, referer: http://spd-111.loc/
[Tue Feb 27 22:31:45.127765 2024] [php:warn] [pid 16936:tid 1884] [client ::1:56681] PHP Warning:  Undefined variable $user_name in C:\\Users\\ASUS\\source\\repos\\PHP-SPD-111\\_layout.php on line 53, referer: http://spd-111.loc/
[Tue Feb 27 22:31:45.127765 2024] [php:warn] [pid 16936:tid 1884] [client ::1:56681] PHP Warning:  Undefined variable $interval in C:\\Users\\ASUS\\source\\repos\\PHP-SPD-111\\_layout.php on line 70, referer: http://spd-111.loc/
[Tue Feb 27 22:33:22.653230 2024] [php:warn] [pid 16936:tid 1884] [client ::1:56774] PHP Warning:  Undefined variable $user_avatar in C:\\Users\\ASUS\\source\\repos\\PHP-SPD-111\\_layout.php on line 53, referer: http://spd-111.loc/
[Tue Feb 27 22:33:22.653230 2024] [php:warn] [pid 16936:tid 1884] [client ::1:56774] PHP Warning:  Undefined variable $interval in C:\\Users\\ASUS\\source\\repos\\PHP-SPD-111\\_layout.php on line 70, referer: http://spd-111.loc/
[Tue Feb 27 22:33:23.990611 2024] [php:warn] [pid 16936:tid 1892] [client ::1:56777] PHP Warning:  Undefined variable $user_avatar in C:\\Users\\ASUS\\source\\repos\\PHP-SPD-111\\_layout.php on line 53, referer: http://spd-111.loc/
[Tue Feb 27 22:33:23.990611 2024] [php:warn] [pid 16936:tid 1892] [client ::1:56777] PHP Warning:  Undefined variable $interval in C:\\Users\\ASUS\\source\\repos\\PHP-SPD-111\\_layout.php on line 70, referer: http://spd-111.loc/
[Wed Feb 28 08:36:42.662378 2024] [php:warn] [pid 16932:tid 1884] [client ::1:63186] PHP Warning:  Undefined variable $user_avatar in C:\\Users\\ASUS\\source\\repos\\PHP-SPD-111\\_layout.php on line 52
[Wed Feb 28 08:36:42.675673 2024] [php:warn] [pid 16932:tid 1884] [client ::1:63186] PHP Warning:  Undefined variable $interval in C:\\Users\\ASUS\\source\\repos\\PHP-SPD-111\\_layout.php on line 69
[Wed Feb 28 08:37:57.458650 2024] [php:warn] [pid 16932:tid 1860] [client ::1:63459] PHP Warning:  Undefined variable $user_avatar in C:\\Users\\ASUS\\source\\repos\\PHP-SPD-111\\_layout.php on line 52
[Wed Feb 28 08:37:57.458650 2024] [php:warn] [pid 16932:tid 1860] [client ::1:63459] PHP Warning:  Undefined variable $interval in C:\\Users\\ASUS\\source\\repos\\PHP-SPD-111\\_layout.php on line 69
[Wed Feb 28 08:39:27.126677 2024] [php:warn] [pid 16932:tid 1876] [client ::1:63575] PHP Warning:  Undefined variable $user_avatar in C:\\Users\\ASUS\\source\\repos\\PHP-SPD-111\\_layout.php on line 52, referer: http://spd-111.loc/
[Wed Feb 28 08:41:06.529015 2024] [php:warn] [pid 16932:tid 1876] [client ::1:63741] PHP Warning:  Undefined variable $user_avatar in C:\\Users\\ASUS\\source\\repos\\PHP-SPD-111\\_layout.php on line 52, referer: http://spd-111.loc/
[Wed Feb 28 08:43:03.596789 2024] [php:error] [pid 16932:tid 1868] [client ::1:63853] PHP Parse error:  syntax error, unexpected identifier "brand", expecting "," or ";" in C:\\Users\\ASUS\\source\\repos\\PHP-SPD-111\\_layout.php on line 58, referer: http://spd-111.loc/
[Wed Feb 28 08:43:49.019965 2024] [php:warn] [pid 16932:tid 1876] [client ::1:63854] PHP Warning:  Undefined variable $user_avatar in C:\\Users\\ASUS\\source\\repos\\PHP-SPD-111\\_layout.php on line 52, referer: http://spd-111.loc/
[Wed Feb 28 08:43:49.019965 2024] [php:warn] [pid 16932:tid 1876] [client ::1:63854] PHP Warning:  Undefined variable $interval in C:\\Users\\ASUS\\source\\repos\\PHP-SPD-111\\_layout.php on line 69, referer: http://spd-111.loc/
[Wed Feb 28 08:43:57.540136 2024] [php:error] [pid 16932:tid 1868] [client ::1:63911] PHP Fatal error:  Uncaught TypeError: Unsupported operand types: string / string in C:\\Users\\ASUS\\source\\repos\\PHP-SPD-111\\_layout.php:58\nStack trace:\n#0 C:\\Users\\ASUS\\source\\repos\\PHP-SPD-111\\access_manager.php(63): include()\n#1 {main}\n  thrown in C:\\Users\\ASUS\\source\\repos\\PHP-SPD-111\\_layout.php on line 58, referer: http://spd-111.loc/
[Wed Feb 28 08:45:13.199101 2024] [php:warn] [pid 16932:tid 1860] [client ::1:64027] PHP Warning:  Undefined variable $user_avatar in C:\\Users\\ASUS\\source\\repos\\PHP-SPD-111\\_layout.php on line 52, referer: http://spd-111.loc/
[Wed Feb 28 08:45:59.800017 2024] [php:warn] [pid 16932:tid 1884] [client ::1:64049] PHP Warning:  Undefined variable $user_avatar in C:\\Users\\ASUS\\source\\repos\\PHP-SPD-111\\_layout.php on line 52, referer: http://spd-111.loc/
[Wed Feb 28 08:46:09.385306 2024] [php:error] [pid 16932:tid 1868] [client ::1:64115] PHP Fatal error:  Uncaught TypeError: Unsupported operand types: string / string in C:\\Users\\ASUS\\source\\repos\\PHP-SPD-111\\_layout.php:58\nStack trace:\n#0 C:\\Users\\ASUS\\source\\repos\\PHP-SPD-111\\access_manager.php(63): include()\n#1 {main}\n  thrown in C:\\Users\\ASUS\\source\\repos\\PHP-SPD-111\\_layout.php on line 58, referer: http://spd-111.loc/
[Wed Feb 28 08:47:19.167782 2024] [php:warn] [pid 16932:tid 1884] [client ::1:64215] PHP Warning:  Undefined variable $user_avatar in C:\\Users\\ASUS\\source\\repos\\PHP-SPD-111\\_layout.php on line 52, referer: http://spd-111.loc/
[Wed Feb 28 08:47:23.294706 2024] [php:warn] [pid 16932:tid 1868] [client ::1:64218] PHP Warning:  Undefined variable $user_avatar in C:\\Users\\ASUS\\source\\repos\\PHP-SPD-111\\_layout.php on line 52, referer: http://spd-111.loc/
[Wed Feb 28 08:47:23.295203 2024] [php:warn] [pid 16932:tid 1868] [client ::1:64218] PHP Warning:  Undefined variable $interval in C:\\Users\\ASUS\\source\\repos\\PHP-SPD-111\\_layout.php on line 68, referer: http://spd-111.loc/
[Wed Feb 28 08:47:24.747583 2024] [php:warn] [pid 16932:tid 1860] [client ::1:64222] PHP Warning:  Undefined variable $user_avatar in C:\\Users\\ASUS\\source\\repos\\PHP-SPD-111\\_layout.php on line 52, referer: http://spd-111.loc/api
[Wed Feb 28 08:47:24.747583 2024] [php:warn] [pid 16932:tid 1860] [client ::1:64222] PHP Warning:  Undefined variable $interval in C:\\Users\\ASUS\\source\\repos\\PHP-SPD-111\\_layout.php on line 68, referer: http://spd-111.loc/api
[Wed Feb 28 08:47:26.082028 2024] [php:warn] [pid 16932:tid 1884] [client ::1:64215] PHP Warning:  Undefined variable $user_avatar in C:\\Users\\ASUS\\source\\repos\\PHP-SPD-111\\_layout.php on line 52, referer: http://spd-111.loc/formRegistration
[Wed Feb 28 08:47:26.082028 2024] [php:warn] [pid 16932:tid 1884] [client ::1:64215] PHP Warning:  Undefined variable $interval in C:\\Users\\ASUS\\source\\repos\\PHP-SPD-111\\_layout.php on line 68, referer: http://spd-111.loc/formRegistration
[Wed Feb 28 08:48:32.292499 2024] [php:warn] [pid 16932:tid 1868] [client ::1:64313] PHP Warning:  Undefined variable $user_avatar in C:\\Users\\ASUS\\source\\repos\\PHP-SPD-111\\_layout.php on line 52, referer: http://spd-111.loc/formRegistration
[Wed Feb 28 08:48:32.292499 2024] [php:warn] [pid 16932:tid 1868] [client ::1:64313] PHP Warning:  Undefined variable $interval in C:\\Users\\ASUS\\source\\repos\\PHP-SPD-111\\_layout.php on line 68, referer: http://spd-111.loc/formRegistration
[Wed Feb 28 08:48:34.405064 2024] [php:warn] [pid 16932:tid 1860] [client ::1:64318] PHP Warning:  Undefined variable $user_avatar in C:\\Users\\ASUS\\source\\repos\\PHP-SPD-111\\_layout.php on line 52, referer: http://spd-111.loc/regexp
[Wed Feb 28 08:48:34.405064 2024] [php:warn] [pid 16932:tid 1860] [client ::1:64318] PHP Warning:  Undefined variable $interval in C:\\Users\\ASUS\\source\\repos\\PHP-SPD-111\\_layout.php on line 68, referer: http://spd-111.loc/regexp
[Wed Feb 28 08:49:17.539209 2024] [php:warn] [pid 16932:tid 1868] [client ::1:64366] PHP Warning:  Undefined variable $user_avatar in C:\\Users\\ASUS\\source\\repos\\PHP-SPD-111\\_layout.php on line 52, referer: http://spd-111.loc/basics
[Wed Feb 28 08:49:17.539209 2024] [php:warn] [pid 16932:tid 1868] [client ::1:64366] PHP Warning:  Undefined variable $user_avatar in C:\\Users\\ASUS\\source\\repos\\PHP-SPD-111\\_layout.php on line 69, referer: http://spd-111.loc/basics
[Wed Feb 28 08:52:09.090838 2024] [php:warn] [pid 16932:tid 1868] [client ::1:64610] PHP Warning:  Undefined variable $user_avatar in C:\\Users\\ASUS\\source\\repos\\PHP-SPD-111\\_layout.php on line 69, referer: http://spd-111.loc/regexp
[Wed Feb 28 08:52:41.331003 2024] [php:warn] [pid 16932:tid 1868] [client ::1:64656] PHP Warning:  Undefined variable $interval in C:\\Users\\ASUS\\source\\repos\\PHP-SPD-111\\_layout.php on line 68, referer: http://spd-111.loc/regexp
[Wed Feb 28 08:53:03.663599 2024] [php:warn] [pid 16932:tid 1884] [client ::1:64671] PHP Warning:  Undefined variable $filename in C:\\Users\\ASUS\\source\\repos\\PHP-SPD-111\\_layout.php on line 52, referer: http://spd-111.loc/basics
[Wed Feb 28 08:53:03.663599 2024] [php:warn] [pid 16932:tid 1884] [client ::1:64671] PHP Warning:  Undefined variable $interval in C:\\Users\\ASUS\\source\\repos\\PHP-SPD-111\\_layout.php on line 68, referer: http://spd-111.loc/basics
[Wed Feb 28 08:53:03.663599 2024] [php:warn] [pid 16932:tid 1884] [client ::1:64671] PHP Warning:  Undefined variable $filename in C:\\Users\\ASUS\\source\\repos\\PHP-SPD-111\\_layout.php on line 69, referer: http://spd-111.loc/basics
[Wed Feb 28 08:53:40.724634 2024] [php:warn] [pid 16932:tid 1884] [client ::1:64716] PHP Warning:  Undefined variable $filename in C:\\Users\\ASUS\\source\\repos\\PHP-SPD-111\\_layout.php on line 52, referer: http://spd-111.loc/basics
[Wed Feb 28 08:53:40.724634 2024] [php:warn] [pid 16932:tid 1884] [client ::1:64716] PHP Warning:  Undefined variable $interval in C:\\Users\\ASUS\\source\\repos\\PHP-SPD-111\\_layout.php on line 68, referer: http://spd-111.loc/basics
[Wed Feb 28 08:53:40.724634 2024] [php:warn] [pid 16932:tid 1884] [client ::1:64716] PHP Warning:  Undefined variable $filename in C:\\Users\\ASUS\\source\\repos\\PHP-SPD-111\\_layout.php on line 69, referer: http://spd-111.loc/basics
[Wed Feb 28 08:54:20.341945 2024] [php:warn] [pid 16932:tid 1860] [client ::1:64762] PHP Warning:  Undefined variable $filename in C:\\Users\\ASUS\\source\\repos\\PHP-SPD-111\\_layout.php on line 52, referer: http://spd-111.loc/basics
[Wed Feb 28 08:54:20.341945 2024] [php:warn] [pid 16932:tid 1860] [client ::1:64762] PHP Warning:  Undefined variable $interval in C:\\Users\\ASUS\\source\\repos\\PHP-SPD-111\\_layout.php on line 68, referer: http://spd-111.loc/basics
[Wed Feb 28 08:54:20.341945 2024] [php:warn] [pid 16932:tid 1860] [client ::1:64762] PHP Warning:  Undefined variable $filename in C:\\Users\\ASUS\\source\\repos\\PHP-SPD-111\\_layout.php on line 69, referer: http://spd-111.loc/basics
[Wed Feb 28 08:55:23.809580 2024] [php:warn] [pid 16932:tid 1868] [client ::1:64819] PHP Warning:  Undefined variable $filename in C:\\Users\\ASUS\\source\\repos\\PHP-SPD-111\\_layout.php on line 52, referer: http://spd-111.loc/
[Wed Feb 28 08:55:23.809580 2024] [php:warn] [pid 16932:tid 1868] [client ::1:64819] PHP Warning:  Undefined variable $filename in C:\\Users\\ASUS\\source\\repos\\PHP-SPD-111\\_layout.php on line 69, referer: http://spd-111.loc/
[Wed Feb 28 08:56:20.793273 2024] [php:warn] [pid 16932:tid 1876] [client ::1:64840] PHP Warning:  Undefined variable $filename in C:\\Users\\ASUS\\source\\repos\\PHP-SPD-111\\_layout.php on line 63, referer: http://spd-111.loc/
[Wed Feb 28 08:56:20.793273 2024] [php:warn] [pid 16932:tid 1876] [client ::1:64840] PHP Warning:  Undefined variable $filename in C:\\Users\\ASUS\\source\\repos\\PHP-SPD-111\\_layout.php on line 69, referer: http://spd-111.loc/
[Wed Feb 28 08:58:32.614001 2024] [php:warn] [pid 16932:tid 1868] [client ::1:65009] PHP Warning:  Undefined variable $filename in C:\\Users\\ASUS\\source\\repos\\PHP-SPD-111\\_layout.php on line 63, referer: http://spd-111.loc/
[Wed Feb 28 08:58:32.614001 2024] [php:warn] [pid 16932:tid 1868] [client ::1:65009] PHP Warning:  Undefined variable $filename in C:\\Users\\ASUS\\source\\repos\\PHP-SPD-111\\_layout.php on line 69, referer: http://spd-111.loc/
[Wed Feb 28 08:59:35.869192 2024] [php:warn] [pid 16932:tid 1876] [client ::1:65082] PHP Warning:  Undefined variable $filename in C:\\Users\\ASUS\\source\\repos\\PHP-SPD-111\\_layout.php on line 63, referer: http://spd-111.loc/
[Wed Feb 28 08:59:35.869192 2024] [php:warn] [pid 16932:tid 1876] [client ::1:65082] PHP Warning:  Undefined variable $filename in C:\\Users\\ASUS\\source\\repos\\PHP-SPD-111\\_layout.php on line 69, referer: http://spd-111.loc/
[Wed Feb 28 09:00:20.015923 2024] [php:warn] [pid 16932:tid 1876] [client ::1:65155] PHP Warning:  Undefined variable $filename in C:\\Users\\ASUS\\source\\repos\\PHP-SPD-111\\_layout.php on line 63, referer: http://spd-111.loc/
[Wed Feb 28 09:00:20.015923 2024] [php:warn] [pid 16932:tid 1876] [client ::1:65155] PHP Warning:  Undefined variable $filename in C:\\Users\\ASUS\\source\\repos\\PHP-SPD-111\\_layout.php on line 69, referer: http://spd-111.loc/
[Wed Feb 28 09:01:21.031742 2024] [php:warn] [pid 16932:tid 1884] [client ::1:65236] PHP Warning:  Undefined variable $filename in C:\\Users\\ASUS\\source\\repos\\PHP-SPD-111\\_layout.php on line 63, referer: http://spd-111.loc/
[Wed Feb 28 09:01:21.031742 2024] [php:warn] [pid 16932:tid 1884] [client ::1:65236] PHP Warning:  Undefined variable $filename in C:\\Users\\ASUS\\source\\repos\\PHP-SPD-111\\_layout.php on line 69, referer: http://spd-111.loc/
[Wed Feb 28 09:03:10.902618 2024] [php:warn] [pid 16932:tid 1868] [client ::1:65331] PHP Warning:  Undefined variable $filename in C:\\Users\\ASUS\\source\\repos\\PHP-SPD-111\\_layout.php on line 63, referer: http://spd-111.loc/
[Wed Feb 28 09:03:10.902618 2024] [php:warn] [pid 16932:tid 1868] [client ::1:65331] PHP Warning:  Undefined variable $filename in C:\\Users\\ASUS\\source\\repos\\PHP-SPD-111\\_layout.php on line 69, referer: http://spd-111.loc/
[Wed Feb 28 09:04:51.409498 2024] [php:warn] [pid 16932:tid 1868] [client ::1:65477] PHP Warning:  Undefined variable $filename in C:\\Users\\ASUS\\source\\repos\\PHP-SPD-111\\_layout.php on line 63, referer: http://spd-111.loc/
[Wed Feb 28 09:04:51.409498 2024] [php:warn] [pid 16932:tid 1868] [client ::1:65477] PHP Warning:  Undefined variable $filename in C:\\Users\\ASUS\\source\\repos\\PHP-SPD-111\\_layout.php on line 69, referer: http://spd-111.loc/
[Wed Feb 28 12:34:31.557284 2024] [php:warn] [pid 13688:tid 1924] [client ::1:55846] PHP Warning:  Undefined variable $interval in C:\\Users\\ASUS\\source\\repos\\PHP-SPD-111\\_layout.php on line 66
[Wed Feb 28 12:34:31.557284 2024] [php:warn] [pid 13688:tid 1924] [client ::1:55846] PHP Warning:  Undefined variable $filename in C:\\Users\\ASUS\\source\\repos\\PHP-SPD-111\\_layout.php on line 67
[Wed Feb 28 12:35:47.427163 2024] [php:warn] [pid 13688:tid 1924] [client ::1:55942] PHP Warning:  Undefined variable $filename in C:\\Users\\ASUS\\source\\repos\\PHP-SPD-111\\_layout.php on line 67, referer: http://spd-111.loc/
[Wed Feb 28 12:38:56.127466 2024] [php:warn] [pid 13688:tid 1880] [client ::1:56290] PHP Warning:  Undefined variable $filename in C:\\Users\\ASUS\\source\\repos\\PHP-SPD-111\\_layout.php on line 67, referer: http://spd-111.loc/
[Wed Feb 28 12:38:58.393020 2024] [php:warn] [pid 13688:tid 1872] [client ::1:56297] PHP Warning:  Undefined variable $interval in C:\\Users\\ASUS\\source\\repos\\PHP-SPD-111\\_layout.php on line 66, referer: http://spd-111.loc/
[Wed Feb 28 16:36:12.991996 2024] [php:warn] [pid 15772:tid 1884] [client ::1:63385] PHP Warning:  Undefined variable $interval in C:\\Users\\ASUS\\source\\repos\\PHP-SPD-111\\_layout.php on line 70
[Wed Feb 28 16:36:12.993002 2024] [php:warn] [pid 15772:tid 1884] [client ::1:63385] PHP Warning:  Undefined variable $filename in C:\\Users\\ASUS\\source\\repos\\PHP-SPD-111\\_layout.php on line 71
[Wed Feb 28 16:37:24.736564 2024] [php:warn] [pid 15772:tid 1880] [client ::1:63554] PHP Warning:  Undefined variable $interval in C:\\Users\\ASUS\\source\\repos\\PHP-SPD-111\\_layout.php on line 71
[Wed Feb 28 16:46:01.246356 2024] [php:warn] [pid 15772:tid 1880] [client ::1:64357] PHP Warning:  Undefined variable $interval in C:\\Users\\ASUS\\source\\repos\\PHP-SPD-111\\_layout.php on line 70, referer: http://spd-111.loc/
[Wed Feb 28 16:49:22.666196 2024] [php:error] [pid 15772:tid 1884] [client ::1:64547] PHP Parse error:  syntax error, unexpected token "unset" in C:\\Users\\ASUS\\source\\repos\\PHP-SPD-111\\_layout.php on line 59, referer: http://spd-111.loc/
[Wed Feb 28 16:49:43.956908 2024] [php:warn] [pid 15772:tid 1880] [client ::1:64550] PHP Warning:  Undefined variable $filename in C:\\Users\\ASUS\\source\\repos\\PHP-SPD-111\\_layout.php on line 56, referer: http://spd-111.loc/
[Wed Feb 28 16:49:43.956908 2024] [php:warn] [pid 15772:tid 1880] [client ::1:64550] PHP Warning:  Undefined variable $interval in C:\\Users\\ASUS\\source\\repos\\PHP-SPD-111\\_layout.php on line 67, referer: http://spd-111.loc/
[Wed Feb 28 16:49:43.956908 2024] [php:warn] [pid 15772:tid 1880] [client ::1:64550] PHP Warning:  Undefined variable $filename in C:\\Users\\ASUS\\source\\repos\\PHP-SPD-111\\_layout.php on line 68, referer: http://spd-111.loc/
[Wed Feb 28 16:51:11.434591 2024] [php:warn] [pid 15772:tid 1868] [client ::1:64652] PHP Warning:  Undefined variable $filename in C:\\Users\\ASUS\\source\\repos\\PHP-SPD-111\\_layout.php on line 56, referer: http://spd-111.loc/
[Wed Feb 28 16:51:11.434591 2024] [php:warn] [pid 15772:tid 1868] [client ::1:64652] PHP Warning:  Undefined variable $interval in C:\\Users\\ASUS\\source\\repos\\PHP-SPD-111\\_layout.php on line 67, referer: http://spd-111.loc/
[Wed Feb 28 16:51:11.434591 2024] [php:warn] [pid 15772:tid 1868] [client ::1:64652] PHP Warning:  Undefined variable $filename in C:\\Users\\ASUS\\source\\repos\\PHP-SPD-111\\_layout.php on line 68, referer: http://spd-111.loc/
[Wed Feb 28 16:51:34.351534 2024] [php:warn] [pid 15772:tid 1880] [client ::1:64662] PHP Warning:  Undefined variable $interval in C:\\Users\\ASUS\\source\\repos\\PHP-SPD-111\\_layout.php on line 67, referer: http://spd-111.loc/
[Wed Feb 28 16:52:24.001238 2024] [php:warn] [pid 15772:tid 1884] [client ::1:64761] PHP Warning:  Undefined variable $interval in C:\\Users\\ASUS\\source\\repos\\PHP-SPD-111\\_layout.php on line 67, referer: http://spd-111.loc/
[Wed Feb 28 16:52:28.429719 2024] [php:warn] [pid 15772:tid 1884] [client ::1:64761] PHP Warning:  Undefined variable $interval in C:\\Users\\ASUS\\source\\repos\\PHP-SPD-111\\_layout.php on line 67, referer: http://spd-111.loc/
[Wed Feb 28 16:53:38.354474 2024] [php:warn] [pid 15772:tid 1868] [client ::1:64856] PHP Warning:  Undefined variable $interval in C:\\Users\\ASUS\\source\\repos\\PHP-SPD-111\\_layout.php on line 77, referer: http://spd-111.loc/
[Wed Feb 28 16:53:42.231506 2024] [php:warn] [pid 15772:tid 1880] [client ::1:64864] PHP Warning:  Undefined variable $interval in C:\\Users\\ASUS\\source\\repos\\PHP-SPD-111\\_layout.php on line 77, referer: http://spd-111.loc/
[Wed Feb 28 16:53:52.924577 2024] [php:warn] [pid 15772:tid 1880] [client ::1:64900] PHP Warning:  Undefined variable $interval in C:\\Users\\ASUS\\source\\repos\\PHP-SPD-111\\_layout.php on line 77, referer: http://spd-111.loc/
[Wed Feb 28 16:58:02.858253 2024] [php:notice] [pid 15772:tid 1868] [client ::1:65140] PHP Notice:  session_start(): Ignoring session_start() because a session is already active in C:\\Users\\ASUS\\source\\repos\\PHP-SPD-111\\_layout.php on line 55, referer: http://spd-111.loc/
[Wed Feb 28 16:58:02.858253 2024] [php:warn] [pid 15772:tid 1868] [client ::1:65140] PHP Warning:  Undefined variable $interval in C:\\Users\\ASUS\\source\\repos\\PHP-SPD-111\\_layout.php on line 68, referer: http://spd-111.loc/
[Wed Feb 28 16:59:12.775832 2024] [php:notice] [pid 15772:tid 1884] [client ::1:65221] PHP Notice:  session_start(): Ignoring session_start() because a session is already active in C:\\Users\\ASUS\\source\\repos\\PHP-SPD-111\\_layout.php on line 25, referer: http://spd-111.loc/
[Wed Feb 28 16:59:12.775832 2024] [php:warn] [pid 15772:tid 1884] [client ::1:65221] PHP Warning:  Array to string conversion in C:\\Users\\ASUS\\source\\repos\\PHP-SPD-111\\_layout.php on line 33, referer: http://spd-111.loc/
[Wed Feb 28 16:59:12.775832 2024] [php:warn] [pid 15772:tid 1884] [client ::1:65221] PHP Warning:  Undefined variable $interval in C:\\Users\\ASUS\\source\\repos\\PHP-SPD-111\\_layout.php on line 80, referer: http://spd-111.loc/
[Wed Feb 28 16:59:18.860944 2024] [php:notice] [pid 15772:tid 1872] [client ::1:65229] PHP Notice:  session_start(): Ignoring session_start() because a session is already active in C:\\Users\\ASUS\\source\\repos\\PHP-SPD-111\\_layout.php on line 25, referer: http://spd-111.loc/
[Wed Feb 28 16:59:18.860944 2024] [php:warn] [pid 15772:tid 1872] [client ::1:65229] PHP Warning:  Array to string conversion in C:\\Users\\ASUS\\source\\repos\\PHP-SPD-111\\_layout.php on line 33, referer: http://spd-111.loc/
[Wed Feb 28 16:59:18.860944 2024] [php:warn] [pid 15772:tid 1872] [client ::1:65229] PHP Warning:  Undefined variable $interval in C:\\Users\\ASUS\\source\\repos\\PHP-SPD-111\\_layout.php on line 80, referer: http://spd-111.loc/
[Wed Feb 28 18:37:30.082494 2024] [php:warn] [pid 10336:tid 1936] [client ::1:50939] PHP Warning:  Undefined variable $interval in C:\\Users\\ASUS\\source\\repos\\PHP-SPD-111\\_layout.php on line 67
[Wed Feb 28 18:38:20.383120 2024] [php:warn] [pid 10336:tid 1880] [client ::1:51007] PHP Warning:  Undefined variable $interval in C:\\Users\\ASUS\\source\\repos\\PHP-SPD-111\\_layout.php on line 67
[Wed Feb 28 18:38:23.983596 2024] [php:warn] [pid 10336:tid 1936] [client ::1:51009] PHP Warning:  session_destroy(): Trying to destroy uninitialized session in C:\\Users\\ASUS\\source\\repos\\PHP-SPD-111\\controllers\\AuthController.php on line 100, referer: http://spd-111.loc/
[Wed Feb 28 18:38:38.963662 2024] [php:warn] [pid 10336:tid 1936] [client ::1:51022] PHP Warning:  Undefined variable $interval in C:\\Users\\ASUS\\source\\repos\\PHP-SPD-111\\_layout.php on line 67, referer: http://spd-111.loc/
[Wed Feb 28 18:38:42.682683 2024] [php:warn] [pid 10336:tid 1876] [client ::1:51029] PHP Warning:  session_destroy(): Trying to destroy uninitialized session in C:\\Users\\ASUS\\source\\repos\\PHP-SPD-111\\controllers\\AuthController.php on line 100, referer: http://spd-111.loc/profile
[Wed Feb 28 18:40:24.864598 2024] [php:warn] [pid 10336:tid 1876] [client ::1:51105] PHP Warning:  Undefined variable $interval in C:\\Users\\ASUS\\source\\repos\\PHP-SPD-111\\_layout.php on line 67, referer: http://spd-111.loc/profile
[Wed Feb 28 18:41:57.230333 2024] [php:warn] [pid 10336:tid 1876] [client ::1:51176] PHP Warning:  Undefined variable $interval in C:\\Users\\ASUS\\source\\repos\\PHP-SPD-111\\_layout.php on line 67, referer: http://spd-111.loc/profile
[Wed Feb 28 18:54:39.411037 2024] [php:warn] [pid 10336:tid 1876] [client ::1:52077] PHP Warning:  Undefined variable $interval in C:\\Users\\ASUS\\source\\repos\\PHP-SPD-111\\_layout.php on line 65, referer: http://spd-111.loc/api
[Wed Feb 28 19:14:13.789218 2024] [php:warn] [pid 10336:tid 1936] [client ::1:53395] PHP Warning:  Undefined variable $interval in C:\\Users\\ASUS\\source\\repos\\PHP-SPD-111\\_layout.php on line 66, referer: http://spd-111.loc/api
[Wed Feb 28 19:14:29.785225 2024] [php:warn] [pid 10336:tid 1876] [client ::1:53441] PHP Warning:  Undefined variable $interval in C:\\Users\\ASUS\\source\\repos\\PHP-SPD-111\\_layout.php on line 66, referer: http://spd-111.loc/api
[Wed Feb 28 19:14:42.552050 2024] [php:warn] [pid 10336:tid 1880] [client ::1:53453] PHP Warning:  Undefined variable $interval in C:\\Users\\ASUS\\source\\repos\\PHP-SPD-111\\_layout.php on line 66, referer: http://spd-111.loc/api
[Wed Feb 28 19:14:42.552050 2024] [php:warn] [pid 10336:tid 1880] [client ::1:53453] PHP Warning:  Undefined variable $filename in C:\\Users\\ASUS\\source\\repos\\PHP-SPD-111\\_layout.php on line 67, referer: http://spd-111.loc/api
[Wed Feb 28 19:15:26.676390 2024] [php:warn] [pid 10336:tid 1876] [client ::1:53520] PHP Warning:  Undefined variable $interval in C:\\Users\\ASUS\\source\\repos\\PHP-SPD-111\\_layout.php on line 66, referer: http://spd-111.loc/
[Wed Feb 28 19:15:36.943919 2024] [php:warn] [pid 10336:tid 1888] [client ::1:53546] PHP Warning:  Undefined variable $interval in C:\\Users\\ASUS\\source\\repos\\PHP-SPD-111\\_layout.php on line 66, referer: http://spd-111.loc/basics
[Wed Feb 28 19:15:57.455278 2024] [php:warn] [pid 10336:tid 1876] [client ::1:53560] PHP Warning:  Undefined variable $interval in C:\\Users\\ASUS\\source\\repos\\PHP-SPD-111\\_layout.php on line 66, referer: http://spd-111.loc/api
[Wed Feb 28 19:16:36.177858 2024] [php:warn] [pid 10336:tid 1936] [client ::1:53612] PHP Warning:  Undefined variable $interval in C:\\Users\\ASUS\\source\\repos\\PHP-SPD-111\\_layout.php on line 66, referer: http://spd-111.loc/regexp
[Wed Feb 28 19:21:15.028369 2024] [php:warn] [pid 10336:tid 1888] [client ::1:54000] PHP Warning:  Undefined variable $filename in C:\\Users\\ASUS\\source\\repos\\PHP-SPD-111\\_layout.php on line 67, referer: http://spd-111.loc/
[Wed Feb 28 19:32:48.135491 2024] [php:warn] [pid 1348:tid 1944] [client ::1:54859] PHP Warning:  Undefined variable $interval in C:\\Users\\ASUS\\source\\repos\\PHP-SPD-111\\_layout.php on line 66
[Wed Feb 28 19:32:48.135491 2024] [php:warn] [pid 1348:tid 1944] [client ::1:54859] PHP Warning:  Undefined variable $filename in C:\\Users\\ASUS\\source\\repos\\PHP-SPD-111\\_layout.php on line 67
[Wed Feb 28 19:33:10.796003 2024] [php:warn] [pid 1348:tid 1912] [client ::1:54901] PHP Warning:  Undefined global variable $_SESSION in C:\\Users\\ASUS\\source\\repos\\PHP-SPD-111\\controllers\\AuthController.php on line 99, referer: http://spd-111.loc/api
[Wed Feb 28 19:33:10.796003 2024] [php:warn] [pid 1348:tid 1912] [client ::1:54901] PHP Warning:  Trying to access array offset on value of type null in C:\\Users\\ASUS\\source\\repos\\PHP-SPD-111\\controllers\\AuthController.php on line 99, referer: http://spd-111.loc/api
[Wed Feb 28 19:34:51.641866 2024] [php:warn] [pid 1348:tid 1944] [client ::1:55047] PHP Warning:  Undefined global variable $_SESSION in C:\\Users\\ASUS\\source\\repos\\PHP-SPD-111\\controllers\\AuthController.php on line 99, referer: http://spd-111.loc/api
[Wed Feb 28 19:34:51.642234 2024] [php:warn] [pid 1348:tid 1944] [client ::1:55047] PHP Warning:  Trying to access array offset on value of type null in C:\\Users\\ASUS\\source\\repos\\PHP-SPD-111\\controllers\\AuthController.php on line 99, referer: http://spd-111.loc/api
[Wed Feb 28 19:41:04.288280 2024] [php:warn] [pid 1348:tid 1912] [client ::1:55619] PHP Warning:  Undefined variable $filename in C:\\Users\\ASUS\\source\\repos\\PHP-SPD-111\\_layout.php on line 67, referer: http://spd-111.loc/api
[Wed Feb 28 19:41:15.753390 2024] [php:warn] [pid 1348:tid 1944] [client ::1:55643] PHP Warning:  Undefined variable $interval in C:\\Users\\ASUS\\source\\repos\\PHP-SPD-111\\_layout.php on line 66, referer: http://spd-111.loc/api
[Wed Feb 28 19:41:15.753390 2024] [php:warn] [pid 1348:tid 1944] [client ::1:55643] PHP Warning:  Undefined variable $filename in C:\\Users\\ASUS\\source\\repos\\PHP-SPD-111\\_layout.php on line 67, referer: http://spd-111.loc/api
[Wed Feb 28 19:41:19.307786 2024] [php:warn] [pid 1348:tid 1912] [client ::1:55642] PHP Warning:  Undefined variable $interval in C:\\Users\\ASUS\\source\\repos\\PHP-SPD-111\\_layout.php on line 66, referer: http://spd-111.loc/
[Wed Feb 28 19:41:21.120111 2024] [php:warn] [pid 1348:tid 1936] [client ::1:55640] PHP Warning:  Undefined variable $interval in C:\\Users\\ASUS\\source\\repos\\PHP-SPD-111\\_layout.php on line 66, referer: http://spd-111.loc/formRegistration
[Wed Feb 28 19:41:22.402195 2024] [php:warn] [pid 1348:tid 1944] [client ::1:55643] PHP Warning:  Undefined variable $interval in C:\\Users\\ASUS\\source\\repos\\PHP-SPD-111\\_layout.php on line 66, referer: http://spd-111.loc/api
[Wed Feb 28 19:41:23.436597 2024] [php:warn] [pid 1348:tid 1912] [client ::1:55642] PHP Warning:  Undefined variable $interval in C:\\Users\\ASUS\\source\\repos\\PHP-SPD-111\\_layout.php on line 66, referer: http://spd-111.loc/layout
[Wed Feb 28 19:42:45.591403 2024] [php:warn] [pid 1348:tid 1944] [client ::1:55775] PHP Warning:  Undefined variable $interval in C:\\Users\\ASUS\\source\\repos\\PHP-SPD-111\\_layout.php on line 66, referer: http://spd-111.loc/api
[Wed Feb 28 19:42:45.591403 2024] [php:warn] [pid 1348:tid 1944] [client ::1:55775] PHP Warning:  Undefined variable $filename in C:\\Users\\ASUS\\source\\repos\\PHP-SPD-111\\_layout.php on line 67, referer: http://spd-111.loc/api
[Wed Feb 28 19:42:47.712138 2024] [php:warn] [pid 1348:tid 1940] [client ::1:55776] PHP Warning:  Undefined variable $interval in C:\\Users\\ASUS\\source\\repos\\PHP-SPD-111\\_layout.php on line 66, referer: http://spd-111.loc/
[Wed Feb 28 19:42:49.126426 2024] [php:warn] [pid 1348:tid 1912] [client ::1:55778] PHP Warning:  Undefined variable $interval in C:\\Users\\ASUS\\source\\repos\\PHP-SPD-111\\_layout.php on line 66, referer: http://spd-111.loc/regexp
[Wed Feb 28 19:43:26.770639 2024] [php:warn] [pid 1348:tid 1936] [client ::1:55839] PHP Warning:  Undefined variable $interval in C:\\Users\\ASUS\\source\\repos\\PHP-SPD-111\\_layout.php on line 66, referer: http://spd-111.loc/regexp
[Wed Feb 28 19:43:26.770639 2024] [php:warn] [pid 1348:tid 1936] [client ::1:55839] PHP Warning:  Undefined variable $filename in C:\\Users\\ASUS\\source\\repos\\PHP-SPD-111\\_layout.php on line 67, referer: http://spd-111.loc/regexp
[Wed Feb 28 19:43:28.268928 2024] [php:warn] [pid 1348:tid 1912] [client ::1:55837] PHP Warning:  Undefined variable $interval in C:\\Users\\ASUS\\source\\repos\\PHP-SPD-111\\_layout.php on line 66, referer: http://spd-111.loc/
[Wed Feb 28 19:43:42.169639 2024] [php:warn] [pid 1348:tid 1936] [client ::1:55862] PHP Warning:  Undefined variable $interval in C:\\Users\\ASUS\\source\\repos\\PHP-SPD-111\\_layout.php on line 66, referer: http://spd-111.loc/layout
[Wed Feb 28 19:43:42.169639 2024] [php:warn] [pid 1348:tid 1936] [client ::1:55862] PHP Warning:  Undefined variable $filename in C:\\Users\\ASUS\\source\\repos\\PHP-SPD-111\\_layout.php on line 67, referer: http://spd-111.loc/layout
[Wed Feb 28 19:43:55.836407 2024] [php:warn] [pid 1348:tid 1936] [client ::1:55884] PHP Warning:  Undefined variable $interval in C:\\Users\\ASUS\\source\\repos\\PHP-SPD-111\\_layout.php on line 66, referer: http://spd-111.loc/layout
[Wed Feb 28 19:43:55.836407 2024] [php:warn] [pid 1348:tid 1936] [client ::1:55884] PHP Warning:  Undefined variable $filename in C:\\Users\\ASUS\\source\\repos\\PHP-SPD-111\\_layout.php on line 67, referer: http://spd-111.loc/layout
